This file contains any messages produced by compilers while
running configure, to aid debugging if configure makes a mistake.

It was created by swig configure 2.0.11, which was
generated by GNU Autoconf 2.68.  Invocation command line was

  $ ./configure 

## --------- ##
## Platform. ##
## --------- ##

hostname = Atss-MacBook-Pro.local
uname -m = x86_64
uname -r = 13.3.0
uname -s = Darwin
uname -v = Darwin Kernel Version 13.3.0: Tue Jun  3 21:27:35 PDT 2014; root:xnu-2422.110.17~1/RELEASE_X86_64

/usr/bin/uname -p = i386
/bin/uname -X     = unknown

/bin/arch              = unknown
/usr/bin/arch -k       = unknown
/usr/convex/getsysinfo = unknown
/usr/bin/hostinfo      = Mach kernel version:
	 Darwin Kernel Version 13.3.0: Tue Jun  3 21:27:35 PDT 2014; root:xnu-2422.110.17~1/RELEASE_X86_64
Kernel configured for up to 8 processors.
4 processors are physically available.
8 processors are logically available.
Processor type: i486 (Intel 80486)
Processors active: 0 1 2 3 4 5 6 7
Primary memory available: 8.00 gigabytes
Default processor set: 168 tasks, 790 threads, 8 processors
Load average: 0.75, Mach factor: 7.24
/bin/machine           = unknown
/usr/bin/oslevel       = unknown
/bin/universe          = unknown

PATH: /opt/local/bin
PATH: /opt/local/sbin
PATH: /usr/bin
PATH: /bin
PATH: /usr/sbin
PATH: /sbin
PATH: /usr/local/bin
PATH: /opt/X11/bin
PATH: /Users/ats/dev/android-sdk/tools
PATH: /Users/ats/dev/android-sdk/platform-tools
PATH: /Users/ats/dev/android-ndk-r9b


## ----------- ##
## Core tests. ##
## ----------- ##

configure:2806: checking build system type
configure:2820: result: x86_64-apple-darwin13.3.0
configure:2840: checking host system type
configure:2853: result: x86_64-apple-darwin13.3.0
configure:2889: checking for a BSD-compatible install
configure:2957: result: /usr/bin/install -c
configure:2968: checking whether build environment is sane
configure:3018: result: yes
configure:3159: checking for a thread-safe mkdir -p
configure:3198: result: Tools/config/install-sh -c -d
configure:3211: checking for gawk
configure:3241: result: no
configure:3211: checking for mawk
configure:3241: result: no
configure:3211: checking for nawk
configure:3241: result: no
configure:3211: checking for awk
configure:3227: found /usr/bin/awk
configure:3238: result: awk
configure:3249: checking whether make sets $(MAKE)
configure:3271: result: yes
configure:3402: checking for gcc
configure:3418: found /usr/bin/gcc
configure:3429: result: gcc
configure:3658: checking for C compiler version
configure:3667: gcc --version >&5
Apple LLVM version 5.1 (clang-503.0.40) (based on LLVM 3.4svn)
Target: x86_64-apple-darwin13.3.0
Thread model: posix
Configured with: --prefix=/Applications/Xcode.app/Contents/Developer/usr --with-gxx-include-dir=/usr/include/c++/4.2.1
configure:3678: $? = 0
configure:3667: gcc -v >&5
Configured with: --prefix=/Applications/Xcode.app/Contents/Developer/usr --with-gxx-include-dir=/usr/include/c++/4.2.1
Apple LLVM version 5.1 (clang-503.0.40) (based on LLVM 3.4svn)
Target: x86_64-apple-darwin13.3.0
Thread model: posix
configure:3678: $? = 0
configure:3667: gcc -V >&5
clang: error: argument to '-V' is missing (expected 1 value)
clang: error: no input files
configure:3678: $? = 1
configure:3667: gcc -qversion >&5
clang: error: unknown argument: '-qversion' [-Wunused-command-line-argument-hard-error-in-future]
clang: note: this will be a hard error (cannot be downgraded to a warning) in the future
clang: error: no input files
configure:3678: $? = 1
configure:3698: checking whether the C compiler works
configure:3720: gcc    conftest.c  >&5
configure:3724: $? = 0
configure:3772: result: yes
configure:3775: checking for C compiler default output file name
configure:3777: result: a.out
configure:3783: checking for suffix of executables
configure:3790: gcc -o conftest    conftest.c  >&5
configure:3794: $? = 0
configure:3816: result: 
configure:3838: checking whether we are cross compiling
configure:3846: gcc -o conftest    conftest.c  >&5
configure:3850: $? = 0
configure:3857: ./conftest
configure:3861: $? = 0
configure:3876: result: no
configure:3881: checking for suffix of object files
configure:3903: gcc -c   conftest.c >&5
configure:3907: $? = 0
configure:3928: result: o
configure:3932: checking whether we are using the GNU C compiler
configure:3951: gcc -c   conftest.c >&5
configure:3951: $? = 0
configure:3960: result: yes
configure:3969: checking whether gcc accepts -g
configure:3989: gcc -c -g  conftest.c >&5
configure:3989: $? = 0
configure:4030: result: yes
configure:4047: checking for gcc option to accept ISO C89
configure:4111: gcc  -c -g -O2  conftest.c >&5
configure:4111: $? = 0
configure:4124: result: none needed
configure:4155: checking for style of include used by make
configure:4183: result: GNU
configure:4209: checking dependency style of gcc
configure:4320: result: gcc3
configure:4393: checking for g++
configure:4409: found /usr/bin/g++
configure:4420: result: g++
configure:4447: checking for C++ compiler version
configure:4456: g++ --version >&5
Apple LLVM version 5.1 (clang-503.0.40) (based on LLVM 3.4svn)
Target: x86_64-apple-darwin13.3.0
Thread model: posix
Configured with: --prefix=/Applications/Xcode.app/Contents/Developer/usr --with-gxx-include-dir=/usr/include/c++/4.2.1
configure:4467: $? = 0
configure:4456: g++ -v >&5
Configured with: --prefix=/Applications/Xcode.app/Contents/Developer/usr --with-gxx-include-dir=/usr/include/c++/4.2.1
Apple LLVM version 5.1 (clang-503.0.40) (based on LLVM 3.4svn)
Target: x86_64-apple-darwin13.3.0
Thread model: posix
configure:4467: $? = 0
configure:4456: g++ -V >&5
clang: error: argument to '-V' is missing (expected 1 value)
clang: error: no input files
configure:4467: $? = 1
configure:4456: g++ -qversion >&5
clang: error: unknown argument: '-qversion' [-Wunused-command-line-argument-hard-error-in-future]
clang: note: this will be a hard error (cannot be downgraded to a warning) in the future
clang: error: no input files
configure:4467: $? = 1
configure:4471: checking whether we are using the GNU C++ compiler
configure:4490: g++ -c   conftest.cpp >&5
configure:4490: $? = 0
configure:4499: result: yes
configure:4508: checking whether g++ accepts -g
configure:4528: g++ -c -g  conftest.cpp >&5
configure:4528: $? = 0
configure:4569: result: yes
configure:4594: checking dependency style of g++
configure:4705: result: gcc3
configure:4723: checking whether gcc and cc understand -c and -o together
configure:4754: gcc -c conftest.c -o conftest2.o >&5
configure:4758: $? = 0
configure:4764: gcc -c conftest.c -o conftest2.o >&5
configure:4768: $? = 0
configure:4779: cc -c conftest.c >&5
configure:4783: $? = 0
configure:4791: cc -c conftest.c -o conftest2.o >&5
configure:4795: $? = 0
configure:4801: cc -c conftest.c -o conftest2.o >&5
configure:4805: $? = 0
configure:4823: result: yes
configure:4850: checking maximum warning verbosity option
configure:4888: result: -Wall -W -ansi -pedantic for C++ -Wall -W -ansi -pedantic for C
configure:4911: checking how to run the C preprocessor
configure:4942: gcc -E  conftest.c
configure:4942: $? = 0
configure:4956: gcc -E  conftest.c
conftest.c:13:10: fatal error: 'ac_nonexistent.h' file not found
#include <ac_nonexistent.h>
         ^
1 error generated.
configure:4956: $? = 1
configure: failed program was:
| /* confdefs.h */
| #define PACKAGE_NAME "swig"
| #define PACKAGE_TARNAME "swig"
| #define PACKAGE_VERSION "2.0.11"
| #define PACKAGE_STRING "swig 2.0.11"
| #define PACKAGE_BUGREPORT "http://www.swig.org"
| #define PACKAGE_URL ""
| #define PACKAGE "swig"
| #define VERSION "2.0.11"
| #define SWIG_CXX "g++"
| #define SWIG_PLATFORM "x86_64-apple-darwin13.3.0"
| /* end confdefs.h.  */
| #include <ac_nonexistent.h>
configure:4981: result: gcc -E
configure:5001: gcc -E  conftest.c
configure:5001: $? = 0
configure:5015: gcc -E  conftest.c
conftest.c:13:10: fatal error: 'ac_nonexistent.h' file not found
#include <ac_nonexistent.h>
         ^
1 error generated.
configure:5015: $? = 1
configure: failed program was:
| /* confdefs.h */
| #define PACKAGE_NAME "swig"
| #define PACKAGE_TARNAME "swig"
| #define PACKAGE_VERSION "2.0.11"
| #define PACKAGE_STRING "swig 2.0.11"
| #define PACKAGE_BUGREPORT "http://www.swig.org"
| #define PACKAGE_URL ""
| #define PACKAGE "swig"
| #define VERSION "2.0.11"
| #define SWIG_CXX "g++"
| #define SWIG_PLATFORM "x86_64-apple-darwin13.3.0"
| /* end confdefs.h.  */
| #include <ac_nonexistent.h>
configure:5044: checking for grep that handles long lines and -e
configure:5102: result: /usr/bin/grep
configure:5107: checking for egrep
configure:5169: result: /usr/bin/grep -E
configure:5174: checking for ANSI C header files
configure:5194: gcc -c -g -O2 -Wall -W -ansi -pedantic  conftest.c >&5
configure:5194: $? = 0
configure:5267: gcc -o conftest -g -O2 -Wall -W -ansi -pedantic   conftest.c  >&5
configure:5267: $? = 0
configure:5267: ./conftest
configure:5267: $? = 0
configure:5278: result: yes
configure:5299: checking for sys/types.h
configure:5299: g++ -c -g -O2 -Wall -W -ansi -pedantic  conftest.cpp >&5
configure:5299: $? = 0
configure:5299: result: yes
configure:5299: checking for sys/stat.h
configure:5299: g++ -c -g -O2 -Wall -W -ansi -pedantic  conftest.cpp >&5
configure:5299: $? = 0
configure:5299: result: yes
configure:5299: checking for stdlib.h
configure:5299: g++ -c -g -O2 -Wall -W -ansi -pedantic  conftest.cpp >&5
configure:5299: $? = 0
configure:5299: result: yes
configure:5299: checking for string.h
configure:5299: g++ -c -g -O2 -Wall -W -ansi -pedantic  conftest.cpp >&5
configure:5299: $? = 0
configure:5299: result: yes
configure:5299: checking for memory.h
configure:5299: g++ -c -g -O2 -Wall -W -ansi -pedantic  conftest.cpp >&5
configure:5299: $? = 0
configure:5299: result: yes
configure:5299: checking for strings.h
configure:5299: g++ -c -g -O2 -Wall -W -ansi -pedantic  conftest.cpp >&5
configure:5299: $? = 0
configure:5299: result: yes
configure:5299: checking for inttypes.h
configure:5299: g++ -c -g -O2 -Wall -W -ansi -pedantic  conftest.cpp >&5
configure:5299: $? = 0
configure:5299: result: yes
configure:5299: checking for stdint.h
configure:5299: g++ -c -g -O2 -Wall -W -ansi -pedantic  conftest.cpp >&5
configure:5299: $? = 0
configure:5299: result: yes
configure:5299: checking for unistd.h
configure:5299: g++ -c -g -O2 -Wall -W -ansi -pedantic  conftest.cpp >&5
configure:5299: $? = 0
configure:5299: result: yes
configure:5311: checking for bool
configure:5311: g++ -c -g -O2 -Wall -W -ansi -pedantic  conftest.cpp >&5
configure:5311: $? = 0
configure:5311: g++ -c -g -O2 -Wall -W -ansi -pedantic  conftest.cpp >&5
conftest.cpp:59:19: error: expected expression
if (sizeof ((bool)))
                  ^
1 error generated.
configure:5311: $? = 1
configure: failed program was:
| /* confdefs.h */
| #define PACKAGE_NAME "swig"
| #define PACKAGE_TARNAME "swig"
| #define PACKAGE_VERSION "2.0.11"
| #define PACKAGE_STRING "swig 2.0.11"
| #define PACKAGE_BUGREPORT "http://www.swig.org"
| #define PACKAGE_URL ""
| #define PACKAGE "swig"
| #define VERSION "2.0.11"
| #define SWIG_CXX "g++"
| #define SWIG_PLATFORM "x86_64-apple-darwin13.3.0"
| #define STDC_HEADERS 1
| #define HAVE_SYS_TYPES_H 1
| #define HAVE_SYS_STAT_H 1
| #define HAVE_STDLIB_H 1
| #define HAVE_STRING_H 1
| #define HAVE_MEMORY_H 1
| #define HAVE_STRINGS_H 1
| #define HAVE_INTTYPES_H 1
| #define HAVE_STDINT_H 1
| #define HAVE_UNISTD_H 1
| /* end confdefs.h.  */
| #include <stdio.h>
| #ifdef HAVE_SYS_TYPES_H
| # include <sys/types.h>
| #endif
| #ifdef HAVE_SYS_STAT_H
| # include <sys/stat.h>
| #endif
| #ifdef STDC_HEADERS
| # include <stdlib.h>
| # include <stddef.h>
| #else
| # ifdef HAVE_STDLIB_H
| #  include <stdlib.h>
| # endif
| #endif
| #ifdef HAVE_STRING_H
| # if !defined STDC_HEADERS && defined HAVE_MEMORY_H
| #  include <memory.h>
| # endif
| # include <string.h>
| #endif
| #ifdef HAVE_STRINGS_H
| # include <strings.h>
| #endif
| #ifdef HAVE_INTTYPES_H
| # include <inttypes.h>
| #endif
| #ifdef HAVE_STDINT_H
| # include <stdint.h>
| #endif
| #ifdef HAVE_UNISTD_H
| # include <unistd.h>
| #endif
| int
| main ()
| {
| if (sizeof ((bool)))
| 	    return 0;
|   ;
|   return 0;
| }
configure:5311: result: yes
configure:5338: checking for popen
configure:5338: gcc -o conftest -g -O2 -Wall -W -ansi -pedantic   conftest.c  >&5
configure:5338: $? = 0
configure:5338: result: yes
configure:5362: checking whether to enable PCRE support
configure:5364: result: yes
configure:5368: checking whether to use local PCRE
configure:5377: result: /Users/ats/dev/swig-2.0.11/pcre/pcre-swig-install/bin/pcre-config
configure:5380: checking for a sed that does not truncate output
configure:5444: result: /usr/bin/sed
configure:5514: checking for pcre-config
configure:5544: result: /Users/ats/dev/swig-2.0.11/pcre/pcre-swig-install/bin/pcre-config
configure:5714: checking whether to enable ccache-swig
configure:5716: result: yes
configure:5738: checking for bison
configure:5754: found /usr/bin/bison
configure:5765: result: bison -y
configure:5820: checking for ranlib
configure:5836: found /usr/bin/ranlib
configure:5847: result: ranlib
configure:5873: checking for ar
configure:5889: found /usr/bin/ar
configure:5900: result: ar
configure:5917: checking for yodl2man
configure:5947: result: no
configure:5959: checking for yodl2html
configure:5989: result: no
configure:6140: checking for boostlib >= 1.20.0
configure:6209: g++ -c -g -O2 -Wall -W -ansi -pedantic  -I/Users/ats/dev/swig-2.0.11/pcre/pcre-swig-install/include -DPCRE_STATIC  conftest.cpp >&5
conftest.cpp:27:14: fatal error: 'boost/version.hpp' file not found
    #include <boost/version.hpp>
             ^
1 error generated.
configure:6209: $? = 1
configure: failed program was:
| /* confdefs.h */
| #define PACKAGE_NAME "swig"
| #define PACKAGE_TARNAME "swig"
| #define PACKAGE_VERSION "2.0.11"
| #define PACKAGE_STRING "swig 2.0.11"
| #define PACKAGE_BUGREPORT "http://www.swig.org"
| #define PACKAGE_URL ""
| #define PACKAGE "swig"
| #define VERSION "2.0.11"
| #define SWIG_CXX "g++"
| #define SWIG_PLATFORM "x86_64-apple-darwin13.3.0"
| #define STDC_HEADERS 1
| #define HAVE_SYS_TYPES_H 1
| #define HAVE_SYS_STAT_H 1
| #define HAVE_STDLIB_H 1
| #define HAVE_STRING_H 1
| #define HAVE_MEMORY_H 1
| #define HAVE_STRINGS_H 1
| #define HAVE_INTTYPES_H 1
| #define HAVE_STDINT_H 1
| #define HAVE_UNISTD_H 1
| #define HAVE_BOOL 1
| #define HAVE_POPEN 1
| #define HAVE_PCRE 1
| /* end confdefs.h.  */
| 
|     #include <boost/version.hpp>
| 
| int
| main ()
| {
| 
|     #if BOOST_VERSION >= 102000
|     // Everything is okay
|     #else
|     #  error Boost version is too old
|     #endif
| 
|   ;
|   return 0;
| }
configure:6315: g++ -c -g -O2 -Wall -W -ansi -pedantic  -I/Users/ats/dev/swig-2.0.11/pcre/pcre-swig-install/include -DPCRE_STATIC  -I/include/boost-0 conftest.cpp >&5
conftest.cpp:27:18: fatal error: 'boost/version.hpp' file not found
        #include <boost/version.hpp>
                 ^
1 error generated.
configure:6315: $? = 1
configure: failed program was:
| /* confdefs.h */
| #define PACKAGE_NAME "swig"
| #define PACKAGE_TARNAME "swig"
| #define PACKAGE_VERSION "2.0.11"
| #define PACKAGE_STRING "swig 2.0.11"
| #define PACKAGE_BUGREPORT "http://www.swig.org"
| #define PACKAGE_URL ""
| #define PACKAGE "swig"
| #define VERSION "2.0.11"
| #define SWIG_CXX "g++"
| #define SWIG_PLATFORM "x86_64-apple-darwin13.3.0"
| #define STDC_HEADERS 1
| #define HAVE_SYS_TYPES_H 1
| #define HAVE_SYS_STAT_H 1
| #define HAVE_STDLIB_H 1
| #define HAVE_STRING_H 1
| #define HAVE_MEMORY_H 1
| #define HAVE_STRINGS_H 1
| #define HAVE_INTTYPES_H 1
| #define HAVE_STDINT_H 1
| #define HAVE_UNISTD_H 1
| #define HAVE_BOOL 1
| #define HAVE_POPEN 1
| #define HAVE_PCRE 1
| /* end confdefs.h.  */
| 
|         #include <boost/version.hpp>
| 
| int
| main ()
| {
| 
|         #if BOOST_VERSION >= 102000
|         // Everything is okay
|         #else
|         #  error Boost version is too old
|         #endif
| 
|   ;
|   return 0;
| }
configure:6334: We could not detect the boost libraries (version 1.20 or higher). If you have a staged boost library (still not installed) please specify $BOOST_ROOT in your environment and do not give a PATH to --with-boost option.  If you are sure you have boost installed, then check your version number looking in <boost/version.hpp>. See http://randspringer.de/boost for more documentation.
configure:6365: ISYSTEM: -isystem 
configure:6370: checking SO
configure:6381: result: .bundle
configure:6388: checking LDSHARED
configure:6437: result: cc -bundle -undefined suppress -flat_namespace
configure:6443: checking CXXSHARED
configure:6449: result: cc -bundle -undefined suppress -flat_namespace
configure:6453: checking TRYLINKINGWITHCXX
configure:6478: result: CXXSHARED= g++ -bundle -undefined suppress -flat_namespace
configure:6482: checking CCSHARED
configure:6501: result: 
configure:6505: checking RPATH
configure:6516: result: 
configure:6522: checking LINKFORSHARED
configure:6536: result: 
configure:6540: checking PLATFLAGS
configure:6550: result: 
configure:6603: checking for dlopen in -ldl
configure:6628: gcc -o conftest -g -O2 -Wall -W -ansi -pedantic  -I/Users/ats/dev/swig-2.0.11/pcre/pcre-swig-install/include -DPCRE_STATIC  conftest.c -ldl   -L/Users/ats/dev/swig-2.0.11/pcre/pcre-swig-install/lib -lpcre >&5
configure:6628: $? = 0
configure:6637: result: yes
configure:6648: checking for shl_load in -ldld
configure:6673: gcc -o conftest -g -O2 -Wall -W -ansi -pedantic  -I/Users/ats/dev/swig-2.0.11/pcre/pcre-swig-install/include -DPCRE_STATIC  conftest.c -ldld  -ldl  -L/Users/ats/dev/swig-2.0.11/pcre/pcre-swig-install/lib -lpcre >&5
ld: library not found for -ldld
clang: error: linker command failed with exit code 1 (use -v to see invocation)
configure:6673: $? = 1
configure: failed program was:
| /* confdefs.h */
| #define PACKAGE_NAME "swig"
| #define PACKAGE_TARNAME "swig"
| #define PACKAGE_VERSION "2.0.11"
| #define PACKAGE_STRING "swig 2.0.11"
| #define PACKAGE_BUGREPORT "http://www.swig.org"
| #define PACKAGE_URL ""
| #define PACKAGE "swig"
| #define VERSION "2.0.11"
| #define SWIG_CXX "g++"
| #define SWIG_PLATFORM "x86_64-apple-darwin13.3.0"
| #define STDC_HEADERS 1
| #define HAVE_SYS_TYPES_H 1
| #define HAVE_SYS_STAT_H 1
| #define HAVE_STDLIB_H 1
| #define HAVE_STRING_H 1
| #define HAVE_MEMORY_H 1
| #define HAVE_STRINGS_H 1
| #define HAVE_INTTYPES_H 1
| #define HAVE_STDINT_H 1
| #define HAVE_UNISTD_H 1
| #define HAVE_BOOL 1
| #define HAVE_POPEN 1
| #define HAVE_PCRE 1
| #define HAVE_LIBDL 1
| /* end confdefs.h.  */
| 
| /* Override any GCC internal prototype to avoid an error.
|    Use char because int might match the return type of a GCC
|    builtin and then its argument prototype would still apply.  */
| #ifdef __cplusplus
| extern "C"
| #endif
| char shl_load ();
| int
| main ()
| {
| return shl_load ();
|   ;
|   return 0;
| }
configure:6682: result: no
configure:6694: checking for library containing t_open
configure:6725: gcc -o conftest -g -O2 -Wall -W -ansi -pedantic  -I/Users/ats/dev/swig-2.0.11/pcre/pcre-swig-install/include -DPCRE_STATIC  conftest.c -ldl  -L/Users/ats/dev/swig-2.0.11/pcre/pcre-swig-install/lib -lpcre >&5
Undefined symbols for architecture x86_64:
  "_t_open", referenced from:
      _main in conftest-0cfd01.o
ld: symbol(s) not found for architecture x86_64
clang: error: linker command failed with exit code 1 (use -v to see invocation)
configure:6725: $? = 1
configure: failed program was:
| /* confdefs.h */
| #define PACKAGE_NAME "swig"
| #define PACKAGE_TARNAME "swig"
| #define PACKAGE_VERSION "2.0.11"
| #define PACKAGE_STRING "swig 2.0.11"
| #define PACKAGE_BUGREPORT "http://www.swig.org"
| #define PACKAGE_URL ""
| #define PACKAGE "swig"
| #define VERSION "2.0.11"
| #define SWIG_CXX "g++"
| #define SWIG_PLATFORM "x86_64-apple-darwin13.3.0"
| #define STDC_HEADERS 1
| #define HAVE_SYS_TYPES_H 1
| #define HAVE_SYS_STAT_H 1
| #define HAVE_STDLIB_H 1
| #define HAVE_STRING_H 1
| #define HAVE_MEMORY_H 1
| #define HAVE_STRINGS_H 1
| #define HAVE_INTTYPES_H 1
| #define HAVE_STDINT_H 1
| #define HAVE_UNISTD_H 1
| #define HAVE_BOOL 1
| #define HAVE_POPEN 1
| #define HAVE_PCRE 1
| #define HAVE_LIBDL 1
| /* end confdefs.h.  */
| 
| /* Override any GCC internal prototype to avoid an error.
|    Use char because int might match the return type of a GCC
|    builtin and then its argument prototype would still apply.  */
| #ifdef __cplusplus
| extern "C"
| #endif
| char t_open ();
| int
| main ()
| {
| return t_open ();
|   ;
|   return 0;
| }
configure:6725: gcc -o conftest -g -O2 -Wall -W -ansi -pedantic  -I/Users/ats/dev/swig-2.0.11/pcre/pcre-swig-install/include -DPCRE_STATIC  conftest.c -lnsl  -ldl  -L/Users/ats/dev/swig-2.0.11/pcre/pcre-swig-install/lib -lpcre >&5
ld: library not found for -lnsl
clang: error: linker command failed with exit code 1 (use -v to see invocation)
configure:6725: $? = 1
configure: failed program was:
| /* confdefs.h */
| #define PACKAGE_NAME "swig"
| #define PACKAGE_TARNAME "swig"
| #define PACKAGE_VERSION "2.0.11"
| #define PACKAGE_STRING "swig 2.0.11"
| #define PACKAGE_BUGREPORT "http://www.swig.org"
| #define PACKAGE_URL ""
| #define PACKAGE "swig"
| #define VERSION "2.0.11"
| #define SWIG_CXX "g++"
| #define SWIG_PLATFORM "x86_64-apple-darwin13.3.0"
| #define STDC_HEADERS 1
| #define HAVE_SYS_TYPES_H 1
| #define HAVE_SYS_STAT_H 1
| #define HAVE_STDLIB_H 1
| #define HAVE_STRING_H 1
| #define HAVE_MEMORY_H 1
| #define HAVE_STRINGS_H 1
| #define HAVE_INTTYPES_H 1
| #define HAVE_STDINT_H 1
| #define HAVE_UNISTD_H 1
| #define HAVE_BOOL 1
| #define HAVE_POPEN 1
| #define HAVE_PCRE 1
| #define HAVE_LIBDL 1
| /* end confdefs.h.  */
| 
| /* Override any GCC internal prototype to avoid an error.
|    Use char because int might match the return type of a GCC
|    builtin and then its argument prototype would still apply.  */
| #ifdef __cplusplus
| extern "C"
| #endif
| char t_open ();
| int
| main ()
| {
| return t_open ();
|   ;
|   return 0;
| }
configure:6742: result: no
configure:6750: checking for library containing gethostbyname
configure:6781: gcc -o conftest -g -O2 -Wall -W -ansi -pedantic  -I/Users/ats/dev/swig-2.0.11/pcre/pcre-swig-install/include -DPCRE_STATIC  conftest.c -ldl  -L/Users/ats/dev/swig-2.0.11/pcre/pcre-swig-install/lib -lpcre >&5
configure:6781: $? = 0
configure:6798: result: none required
configure:6806: checking for library containing socket
configure:6837: gcc -o conftest -g -O2 -Wall -W -ansi -pedantic  -I/Users/ats/dev/swig-2.0.11/pcre/pcre-swig-install/include -DPCRE_STATIC  conftest.c -ldl  -L/Users/ats/dev/swig-2.0.11/pcre/pcre-swig-install/lib -lpcre >&5
configure:6837: $? = 0
configure:6854: result: none required
configure:6863: checking for swill_init in -lswill
configure:6888: gcc -o conftest -g -O2 -Wall -W -ansi -pedantic  -I/Users/ats/dev/swig-2.0.11/pcre/pcre-swig-install/include -DPCRE_STATIC  conftest.c -lswill  -ldl  -L/Users/ats/dev/swig-2.0.11/pcre/pcre-swig-install/lib -lpcre >&5
ld: library not found for -lswill
clang: error: linker command failed with exit code 1 (use -v to see invocation)
configure:6888: $? = 1
configure: failed program was:
| /* confdefs.h */
| #define PACKAGE_NAME "swig"
| #define PACKAGE_TARNAME "swig"
| #define PACKAGE_VERSION "2.0.11"
| #define PACKAGE_STRING "swig 2.0.11"
| #define PACKAGE_BUGREPORT "http://www.swig.org"
| #define PACKAGE_URL ""
| #define PACKAGE "swig"
| #define VERSION "2.0.11"
| #define SWIG_CXX "g++"
| #define SWIG_PLATFORM "x86_64-apple-darwin13.3.0"
| #define STDC_HEADERS 1
| #define HAVE_SYS_TYPES_H 1
| #define HAVE_SYS_STAT_H 1
| #define HAVE_STDLIB_H 1
| #define HAVE_STRING_H 1
| #define HAVE_MEMORY_H 1
| #define HAVE_STRINGS_H 1
| #define HAVE_INTTYPES_H 1
| #define HAVE_STDINT_H 1
| #define HAVE_UNISTD_H 1
| #define HAVE_BOOL 1
| #define HAVE_POPEN 1
| #define HAVE_PCRE 1
| #define HAVE_LIBDL 1
| /* end confdefs.h.  */
| 
| /* Override any GCC internal prototype to avoid an error.
|    Use char because int might match the return type of a GCC
|    builtin and then its argument prototype would still apply.  */
| #ifdef __cplusplus
| extern "C"
| #endif
| char swill_init ();
| int
| main ()
| {
| return swill_init ();
|   ;
|   return 0;
| }
configure:6897: result: no
configure:6919: checking for main in -lieee
configure:6938: gcc -o conftest -g -O2 -Wall -W -ansi -pedantic  -I/Users/ats/dev/swig-2.0.11/pcre/pcre-swig-install/include -DPCRE_STATIC  conftest.c -lieee  -ldl  -L/Users/ats/dev/swig-2.0.11/pcre/pcre-swig-install/lib -lpcre >&5
ld: library not found for -lieee
clang: error: linker command failed with exit code 1 (use -v to see invocation)
configure:6938: $? = 1
configure: failed program was:
| /* confdefs.h */
| #define PACKAGE_NAME "swig"
| #define PACKAGE_TARNAME "swig"
| #define PACKAGE_VERSION "2.0.11"
| #define PACKAGE_STRING "swig 2.0.11"
| #define PACKAGE_BUGREPORT "http://www.swig.org"
| #define PACKAGE_URL ""
| #define PACKAGE "swig"
| #define VERSION "2.0.11"
| #define SWIG_CXX "g++"
| #define SWIG_PLATFORM "x86_64-apple-darwin13.3.0"
| #define STDC_HEADERS 1
| #define HAVE_SYS_TYPES_H 1
| #define HAVE_SYS_STAT_H 1
| #define HAVE_STDLIB_H 1
| #define HAVE_STRING_H 1
| #define HAVE_MEMORY_H 1
| #define HAVE_STRINGS_H 1
| #define HAVE_INTTYPES_H 1
| #define HAVE_STDINT_H 1
| #define HAVE_UNISTD_H 1
| #define HAVE_BOOL 1
| #define HAVE_POPEN 1
| #define HAVE_PCRE 1
| #define HAVE_LIBDL 1
| /* end confdefs.h.  */
| 
| 
| int
| main ()
| {
| return main ();
|   ;
|   return 0;
| }
configure:6947: result: no
configure:6953: checking for crypt in -lcrypt
configure:6978: gcc -o conftest -g -O2 -Wall -W -ansi -pedantic  -I/Users/ats/dev/swig-2.0.11/pcre/pcre-swig-install/include -DPCRE_STATIC  conftest.c -lcrypt  -ldl  -L/Users/ats/dev/swig-2.0.11/pcre/pcre-swig-install/lib -lpcre >&5
ld: library not found for -lcrypt
clang: error: linker command failed with exit code 1 (use -v to see invocation)
configure:6978: $? = 1
configure: failed program was:
| /* confdefs.h */
| #define PACKAGE_NAME "swig"
| #define PACKAGE_TARNAME "swig"
| #define PACKAGE_VERSION "2.0.11"
| #define PACKAGE_STRING "swig 2.0.11"
| #define PACKAGE_BUGREPORT "http://www.swig.org"
| #define PACKAGE_URL ""
| #define PACKAGE "swig"
| #define VERSION "2.0.11"
| #define SWIG_CXX "g++"
| #define SWIG_PLATFORM "x86_64-apple-darwin13.3.0"
| #define STDC_HEADERS 1
| #define HAVE_SYS_TYPES_H 1
| #define HAVE_SYS_STAT_H 1
| #define HAVE_STDLIB_H 1
| #define HAVE_STRING_H 1
| #define HAVE_MEMORY_H 1
| #define HAVE_STRINGS_H 1
| #define HAVE_INTTYPES_H 1
| #define HAVE_STDINT_H 1
| #define HAVE_UNISTD_H 1
| #define HAVE_BOOL 1
| #define HAVE_POPEN 1
| #define HAVE_PCRE 1
| #define HAVE_LIBDL 1
| /* end confdefs.h.  */
| 
| /* Override any GCC internal prototype to avoid an error.
|    Use char because int might match the return type of a GCC
|    builtin and then its argument prototype would still apply.  */
| #ifdef __cplusplus
| extern "C"
| #endif
| char crypt ();
| int
| main ()
| {
| return crypt ();
|   ;
|   return 0;
| }
configure:6987: result: no
configure:7017: checking for X
configure:7125: gcc -E  -I/Users/ats/dev/swig-2.0.11/pcre/pcre-swig-install/include -DPCRE_STATIC conftest.c
conftest.c:27:10: fatal error: 'X11/Xlib.h' file not found
#include <X11/Xlib.h>
         ^
1 error generated.
configure:7125: $? = 1
configure: failed program was:
| /* confdefs.h */
| #define PACKAGE_NAME "swig"
| #define PACKAGE_TARNAME "swig"
| #define PACKAGE_VERSION "2.0.11"
| #define PACKAGE_STRING "swig 2.0.11"
| #define PACKAGE_BUGREPORT "http://www.swig.org"
| #define PACKAGE_URL ""
| #define PACKAGE "swig"
| #define VERSION "2.0.11"
| #define SWIG_CXX "g++"
| #define SWIG_PLATFORM "x86_64-apple-darwin13.3.0"
| #define STDC_HEADERS 1
| #define HAVE_SYS_TYPES_H 1
| #define HAVE_SYS_STAT_H 1
| #define HAVE_STDLIB_H 1
| #define HAVE_STRING_H 1
| #define HAVE_MEMORY_H 1
| #define HAVE_STRINGS_H 1
| #define HAVE_INTTYPES_H 1
| #define HAVE_STDINT_H 1
| #define HAVE_UNISTD_H 1
| #define HAVE_BOOL 1
| #define HAVE_POPEN 1
| #define HAVE_PCRE 1
| #define HAVE_LIBDL 1
| /* end confdefs.h.  */
| #include <X11/Xlib.h>
configure:7156: gcc -o conftest -g -O2 -Wall -W -ansi -pedantic  -I/Users/ats/dev/swig-2.0.11/pcre/pcre-swig-install/include -DPCRE_STATIC  conftest.c -lX11 -ldl  -L/Users/ats/dev/swig-2.0.11/pcre/pcre-swig-install/lib -lpcre >&5
conftest.c:27:10: fatal error: 'X11/Xlib.h' file not found
#include <X11/Xlib.h>
         ^
1 error generated.
configure:7156: $? = 1
configure: failed program was:
| /* confdefs.h */
| #define PACKAGE_NAME "swig"
| #define PACKAGE_TARNAME "swig"
| #define PACKAGE_VERSION "2.0.11"
| #define PACKAGE_STRING "swig 2.0.11"
| #define PACKAGE_BUGREPORT "http://www.swig.org"
| #define PACKAGE_URL ""
| #define PACKAGE "swig"
| #define VERSION "2.0.11"
| #define SWIG_CXX "g++"
| #define SWIG_PLATFORM "x86_64-apple-darwin13.3.0"
| #define STDC_HEADERS 1
| #define HAVE_SYS_TYPES_H 1
| #define HAVE_SYS_STAT_H 1
| #define HAVE_STDLIB_H 1
| #define HAVE_STRING_H 1
| #define HAVE_MEMORY_H 1
| #define HAVE_STRINGS_H 1
| #define HAVE_INTTYPES_H 1
| #define HAVE_STDINT_H 1
| #define HAVE_UNISTD_H 1
| #define HAVE_BOOL 1
| #define HAVE_POPEN 1
| #define HAVE_PCRE 1
| #define HAVE_LIBDL 1
| /* end confdefs.h.  */
| #include <X11/Xlib.h>
| int
| main ()
| {
| XrmInitialize ()
|   ;
|   return 0;
| }
configure:7206: result: libraries /usr/X11/lib, headers /usr/X11/include
configure:7394: checking for Tcl configuration
configure:7420: result: found /usr/lib/tclConfig.sh
configure:7443: checking for Tcl header files
configure:7472: result: -isystem /System/Library/Frameworks/Tcl.framework/Versions/8.5/Headers
configure:7476: checking for Tcl library
configure:7493: result: -F/System/Library/Frameworks -framework Tcl
configure:7550: checking for python
configure:7566: found /usr/bin/python
configure:7577: result: python
configure:7593: checking for Python prefix
configure:7596: result: /System/Library/Frameworks/Python.framework/Versions/2.7
configure:7598: checking for Python exec-prefix
configure:7601: result: /System/Library/Frameworks/Python.framework/Versions/2.7
configure:7608: checking for Python version
configure:7614: result: python2.7
configure:7619: checking for Python lib dir
configure:7626: result: lib
configure:7631: checking for Python header files
configure:7641: result: -I/System/Library/Frameworks/Python.framework/Versions/2.7/include/python2.7 -I/System/Library/Frameworks/Python.framework/Versions/2.7/lib/python2.7/config
configure:7645: checking for Python library
configure:7658: result: /System/Library/Frameworks/Python.framework/Versions/2.7/lib/python2.7/config
configure:7711: checking for python3
configure:7741: result: no
configure:7711: checking for python3.6
configure:7741: result: no
configure:7711: checking for python3.5
configure:7741: result: no
configure:7711: checking for python3.4
configure:7741: result: no
configure:7711: checking for python3.3
configure:7741: result: no
configure:7711: checking for python3.2
configure:7741: result: no
configure:7711: checking for python3.1
configure:7741: result: no
configure:7711: checking for python3.0
configure:7741: result: no
configure:7908: checking for perl
configure:7924: found /opt/local/bin/perl
configure:7935: result: perl
configure:7953: checking for Perl5 header files
configure:7962: result: /opt/local/lib/perl5/5.12.5/darwin-thread-multi-2level/CORE
configure:7974: checking for Perl5 library
configure:7981: result: perl
configure:7984: checking for Perl5 ccflags
configure:7991: result: -pipe -Os  -fno-common -DPERL_DARWIN -isystem /opt/local/include -no-cpp-precomp -fno-strict-aliasing -fstack-protector -I/opt/local/include
configure:7994: checking for Perl5 ccdlflags
configure:8001: result:  
configure:8004: checking for Perl5 cccdlflags
configure:8011: result:  
configure:8014: checking for Perl5 ldflags
configure:8021: result: -L/opt/local/lib -Wl,-headerpad_max_install_names  -fstack-protector
configure:8076: checking for octave
configure:8109: result: no
configure:8219: checking for java
configure:8235: found /usr/bin/java
configure:8246: result: java
configure:8266: checking for javac
configure:8282: found /usr/bin/javac
configure:8293: result: javac
configure:8308: checking for java include file jni.h
configure:8333: result: /System/Library/Frameworks/JavaVM.framework/Headers
configure:8346: checking for java include file jni_md.h
configure:8355: result: /System/Library/Frameworks/JavaVM.framework/Headers
configure:8442: checking for gcj
configure:8472: result: no
configure:8489: checking for gcjh
configure:8519: result: no
configure:8583: checking for android
configure:8599: found /Users/ats/dev/android-sdk/tools/android
configure:8610: result: android
configure:8630: checking for adb
configure:8646: found /Users/ats/dev/android-sdk/platform-tools/adb
configure:8657: result: adb
configure:8677: checking for ant
configure:8693: found /opt/local/bin/ant
configure:8704: result: ant
configure:8724: checking for ndk-build
configure:8754: result: no
configure:8820: checking for guile-config
configure:8853: result: no
configure:8980: checking for mzscheme
configure:9013: result: no
configure:9025: checking for mzc
configure:9058: result: no
configure:9116: checking for ruby
configure:9132: found /usr/bin/ruby
configure:9143: result: ruby
configure:9158: checking for Ruby header files
configure:9173: result: /System/Library/Frameworks/Ruby.framework/Versions/2.0/usr/include/ruby-2.0.0
configure:9189: checking for Ruby library
configure:9234: result: not found... using /System/Library/Frameworks/Ruby.framework/Versions/2.0/usr/include/ruby-2.0.0
configure:9302: checking for php5
configure:9332: result: no
configure:9302: checking for php
configure:9318: found /usr/bin/php
configure:9329: result: php
configure:9344: checking for PHP header files
configure:9357: result: -I/usr/include/php -I/usr/include/php/main -I/usr/include/php/TSRM -I/usr/include/php/Zend -I/usr/include/php/ext -I/usr/include/php/ext/date/lib
configure:9424: checking for Ocaml DL load generator
configure:9431: checking for ocamldlgen
configure:9461: result: no
configure:9472: checking for Ocaml package tool
configure:9479: checking for ocamlfind
configure:9509: result: no
configure:9520: checking for Ocaml compiler
configure:9527: checking for ocamlc
configure:9557: result: no
configure:9568: checking for Ocaml interpreter
configure:9575: checking for ocaml
configure:9602: result: yes
configure:9616: checking for Ocaml toplevel creator
configure:9623: checking for ocamlmktop
configure:9653: result: no
configure:9766: checking for pike
configure:9796: result: no
configure:9766: checking for pike7.8
configure:9796: result: no
configure:9766: checking for pike7.6
configure:9796: result: no
configure:9766: checking for pike7.4
configure:9796: result: no
configure:9766: checking for pike7.2
configure:9796: result: no
configure:9935: checking for chicken
configure:9965: result: no
configure:9991: checking for csc
configure:10021: result: no
configure:10058: checking for csi
configure:10088: result: no
configure:10324: checking for mono-csc
configure:10354: result: no
configure:10324: checking for gmcs
configure:10354: result: no
configure:10324: checking for mcs
configure:10354: result: no
configure:10324: checking for cscc
configure:10354: result: no
configure:10586: checking for lua5.2
configure:10619: result: no
configure:10586: checking for lua5.1
configure:10619: result: no
configure:10586: checking for lua
configure:10619: result: no
configure:10699: checking lua.h usability
configure:10699: gcc -c -g -O2 -Wall -W -ansi -pedantic  -I/Users/ats/dev/swig-2.0.11/pcre/pcre-swig-install/include -DPCRE_STATIC conftest.c >&5
conftest.c:60:10: fatal error: 'lua.h' file not found
#include <lua.h>
         ^
1 error generated.
configure:10699: $? = 1
configure: failed program was:
| /* confdefs.h */
| #define PACKAGE_NAME "swig"
| #define PACKAGE_TARNAME "swig"
| #define PACKAGE_VERSION "2.0.11"
| #define PACKAGE_STRING "swig 2.0.11"
| #define PACKAGE_BUGREPORT "http://www.swig.org"
| #define PACKAGE_URL ""
| #define PACKAGE "swig"
| #define VERSION "2.0.11"
| #define SWIG_CXX "g++"
| #define SWIG_PLATFORM "x86_64-apple-darwin13.3.0"
| #define STDC_HEADERS 1
| #define HAVE_SYS_TYPES_H 1
| #define HAVE_SYS_STAT_H 1
| #define HAVE_STDLIB_H 1
| #define HAVE_STRING_H 1
| #define HAVE_MEMORY_H 1
| #define HAVE_STRINGS_H 1
| #define HAVE_INTTYPES_H 1
| #define HAVE_STDINT_H 1
| #define HAVE_UNISTD_H 1
| #define HAVE_BOOL 1
| #define HAVE_POPEN 1
| #define HAVE_PCRE 1
| #define HAVE_LIBDL 1
| /* end confdefs.h.  */
| #include <stdio.h>
| #ifdef HAVE_SYS_TYPES_H
| # include <sys/types.h>
| #endif
| #ifdef HAVE_SYS_STAT_H
| # include <sys/stat.h>
| #endif
| #ifdef STDC_HEADERS
| # include <stdlib.h>
| # include <stddef.h>
| #else
| # ifdef HAVE_STDLIB_H
| #  include <stdlib.h>
| # endif
| #endif
| #ifdef HAVE_STRING_H
| # if !defined STDC_HEADERS && defined HAVE_MEMORY_H
| #  include <memory.h>
| # endif
| # include <string.h>
| #endif
| #ifdef HAVE_STRINGS_H
| # include <strings.h>
| #endif
| #ifdef HAVE_INTTYPES_H
| # include <inttypes.h>
| #endif
| #ifdef HAVE_STDINT_H
| # include <stdint.h>
| #endif
| #ifdef HAVE_UNISTD_H
| # include <unistd.h>
| #endif
| #include <lua.h>
configure:10699: result: no
configure:10699: checking lua.h presence
configure:10699: gcc -E  -I/Users/ats/dev/swig-2.0.11/pcre/pcre-swig-install/include -DPCRE_STATIC conftest.c
conftest.c:27:10: fatal error: 'lua.h' file not found
#include <lua.h>
         ^
1 error generated.
configure:10699: $? = 1
configure: failed program was:
| /* confdefs.h */
| #define PACKAGE_NAME "swig"
| #define PACKAGE_TARNAME "swig"
| #define PACKAGE_VERSION "2.0.11"
| #define PACKAGE_STRING "swig 2.0.11"
| #define PACKAGE_BUGREPORT "http://www.swig.org"
| #define PACKAGE_URL ""
| #define PACKAGE "swig"
| #define VERSION "2.0.11"
| #define SWIG_CXX "g++"
| #define SWIG_PLATFORM "x86_64-apple-darwin13.3.0"
| #define STDC_HEADERS 1
| #define HAVE_SYS_TYPES_H 1
| #define HAVE_SYS_STAT_H 1
| #define HAVE_STDLIB_H 1
| #define HAVE_STRING_H 1
| #define HAVE_MEMORY_H 1
| #define HAVE_STRINGS_H 1
| #define HAVE_INTTYPES_H 1
| #define HAVE_STDINT_H 1
| #define HAVE_UNISTD_H 1
| #define HAVE_BOOL 1
| #define HAVE_POPEN 1
| #define HAVE_PCRE 1
| #define HAVE_LIBDL 1
| /* end confdefs.h.  */
| #include <lua.h>
configure:10699: result: no
configure:10699: checking for lua.h
configure:10699: result: no
configure:10709: checking for lua.h in other locations
configure:10726: result: not found
configure:10762: checking for library containing lua_close
configure:10793: gcc -o conftest -g -O2 -Wall -W -ansi -pedantic  -I/Users/ats/dev/swig-2.0.11/pcre/pcre-swig-install/include -DPCRE_STATIC  conftest.c -ldl  -L/Users/ats/dev/swig-2.0.11/pcre/pcre-swig-install/lib -lpcre >&5
Undefined symbols for architecture x86_64:
  "_lua_close", referenced from:
      _main in conftest-4539cb.o
ld: symbol(s) not found for architecture x86_64
clang: error: linker command failed with exit code 1 (use -v to see invocation)
configure:10793: $? = 1
configure: failed program was:
| /* confdefs.h */
| #define PACKAGE_NAME "swig"
| #define PACKAGE_TARNAME "swig"
| #define PACKAGE_VERSION "2.0.11"
| #define PACKAGE_STRING "swig 2.0.11"
| #define PACKAGE_BUGREPORT "http://www.swig.org"
| #define PACKAGE_URL ""
| #define PACKAGE "swig"
| #define VERSION "2.0.11"
| #define SWIG_CXX "g++"
| #define SWIG_PLATFORM "x86_64-apple-darwin13.3.0"
| #define STDC_HEADERS 1
| #define HAVE_SYS_TYPES_H 1
| #define HAVE_SYS_STAT_H 1
| #define HAVE_STDLIB_H 1
| #define HAVE_STRING_H 1
| #define HAVE_MEMORY_H 1
| #define HAVE_STRINGS_H 1
| #define HAVE_INTTYPES_H 1
| #define HAVE_STDINT_H 1
| #define HAVE_UNISTD_H 1
| #define HAVE_BOOL 1
| #define HAVE_POPEN 1
| #define HAVE_PCRE 1
| #define HAVE_LIBDL 1
| /* end confdefs.h.  */
| 
| /* Override any GCC internal prototype to avoid an error.
|    Use char because int might match the return type of a GCC
|    builtin and then its argument prototype would still apply.  */
| #ifdef __cplusplus
| extern "C"
| #endif
| char lua_close ();
| int
| main ()
| {
| return lua_close ();
|   ;
|   return 0;
| }
configure:10793: gcc -o conftest -g -O2 -Wall -W -ansi -pedantic  -I/Users/ats/dev/swig-2.0.11/pcre/pcre-swig-install/include -DPCRE_STATIC  conftest.c -llua  -ldl  -L/Users/ats/dev/swig-2.0.11/pcre/pcre-swig-install/lib -lpcre >&5
ld: library not found for -llua
clang: error: linker command failed with exit code 1 (use -v to see invocation)
configure:10793: $? = 1
configure: failed program was:
| /* confdefs.h */
| #define PACKAGE_NAME "swig"
| #define PACKAGE_TARNAME "swig"
| #define PACKAGE_VERSION "2.0.11"
| #define PACKAGE_STRING "swig 2.0.11"
| #define PACKAGE_BUGREPORT "http://www.swig.org"
| #define PACKAGE_URL ""
| #define PACKAGE "swig"
| #define VERSION "2.0.11"
| #define SWIG_CXX "g++"
| #define SWIG_PLATFORM "x86_64-apple-darwin13.3.0"
| #define STDC_HEADERS 1
| #define HAVE_SYS_TYPES_H 1
| #define HAVE_SYS_STAT_H 1
| #define HAVE_STDLIB_H 1
| #define HAVE_STRING_H 1
| #define HAVE_MEMORY_H 1
| #define HAVE_STRINGS_H 1
| #define HAVE_INTTYPES_H 1
| #define HAVE_STDINT_H 1
| #define HAVE_UNISTD_H 1
| #define HAVE_BOOL 1
| #define HAVE_POPEN 1
| #define HAVE_PCRE 1
| #define HAVE_LIBDL 1
| /* end confdefs.h.  */
| 
| /* Override any GCC internal prototype to avoid an error.
|    Use char because int might match the return type of a GCC
|    builtin and then its argument prototype would still apply.  */
| #ifdef __cplusplus
| extern "C"
| #endif
| char lua_close ();
| int
| main ()
| {
| return lua_close ();
|   ;
|   return 0;
| }
configure:10793: gcc -o conftest -g -O2 -Wall -W -ansi -pedantic  -I/Users/ats/dev/swig-2.0.11/pcre/pcre-swig-install/include -DPCRE_STATIC  conftest.c -llua5.2  -ldl  -L/Users/ats/dev/swig-2.0.11/pcre/pcre-swig-install/lib -lpcre >&5
ld: library not found for -llua5.2
clang: error: linker command failed with exit code 1 (use -v to see invocation)
configure:10793: $? = 1
configure: failed program was:
| /* confdefs.h */
| #define PACKAGE_NAME "swig"
| #define PACKAGE_TARNAME "swig"
| #define PACKAGE_VERSION "2.0.11"
| #define PACKAGE_STRING "swig 2.0.11"
| #define PACKAGE_BUGREPORT "http://www.swig.org"
| #define PACKAGE_URL ""
| #define PACKAGE "swig"
| #define VERSION "2.0.11"
| #define SWIG_CXX "g++"
| #define SWIG_PLATFORM "x86_64-apple-darwin13.3.0"
| #define STDC_HEADERS 1
| #define HAVE_SYS_TYPES_H 1
| #define HAVE_SYS_STAT_H 1
| #define HAVE_STDLIB_H 1
| #define HAVE_STRING_H 1
| #define HAVE_MEMORY_H 1
| #define HAVE_STRINGS_H 1
| #define HAVE_INTTYPES_H 1
| #define HAVE_STDINT_H 1
| #define HAVE_UNISTD_H 1
| #define HAVE_BOOL 1
| #define HAVE_POPEN 1
| #define HAVE_PCRE 1
| #define HAVE_LIBDL 1
| /* end confdefs.h.  */
| 
| /* Override any GCC internal prototype to avoid an error.
|    Use char because int might match the return type of a GCC
|    builtin and then its argument prototype would still apply.  */
| #ifdef __cplusplus
| extern "C"
| #endif
| char lua_close ();
| int
| main ()
| {
| return lua_close ();
|   ;
|   return 0;
| }
configure:10793: gcc -o conftest -g -O2 -Wall -W -ansi -pedantic  -I/Users/ats/dev/swig-2.0.11/pcre/pcre-swig-install/include -DPCRE_STATIC  conftest.c -llua5.1  -ldl  -L/Users/ats/dev/swig-2.0.11/pcre/pcre-swig-install/lib -lpcre >&5
ld: library not found for -llua5.1
clang: error: linker command failed with exit code 1 (use -v to see invocation)
configure:10793: $? = 1
configure: failed program was:
| /* confdefs.h */
| #define PACKAGE_NAME "swig"
| #define PACKAGE_TARNAME "swig"
| #define PACKAGE_VERSION "2.0.11"
| #define PACKAGE_STRING "swig 2.0.11"
| #define PACKAGE_BUGREPORT "http://www.swig.org"
| #define PACKAGE_URL ""
| #define PACKAGE "swig"
| #define VERSION "2.0.11"
| #define SWIG_CXX "g++"
| #define SWIG_PLATFORM "x86_64-apple-darwin13.3.0"
| #define STDC_HEADERS 1
| #define HAVE_SYS_TYPES_H 1
| #define HAVE_SYS_STAT_H 1
| #define HAVE_STDLIB_H 1
| #define HAVE_STRING_H 1
| #define HAVE_MEMORY_H 1
| #define HAVE_STRINGS_H 1
| #define HAVE_INTTYPES_H 1
| #define HAVE_STDINT_H 1
| #define HAVE_UNISTD_H 1
| #define HAVE_BOOL 1
| #define HAVE_POPEN 1
| #define HAVE_PCRE 1
| #define HAVE_LIBDL 1
| /* end confdefs.h.  */
| 
| /* Override any GCC internal prototype to avoid an error.
|    Use char because int might match the return type of a GCC
|    builtin and then its argument prototype would still apply.  */
| #ifdef __cplusplus
| extern "C"
| #endif
| char lua_close ();
| int
| main ()
| {
| return lua_close ();
|   ;
|   return 0;
| }
configure:10793: gcc -o conftest -g -O2 -Wall -W -ansi -pedantic  -I/Users/ats/dev/swig-2.0.11/pcre/pcre-swig-install/include -DPCRE_STATIC  conftest.c -llua51  -ldl  -L/Users/ats/dev/swig-2.0.11/pcre/pcre-swig-install/lib -lpcre >&5
ld: library not found for -llua51
clang: error: linker command failed with exit code 1 (use -v to see invocation)
configure:10793: $? = 1
configure: failed program was:
| /* confdefs.h */
| #define PACKAGE_NAME "swig"
| #define PACKAGE_TARNAME "swig"
| #define PACKAGE_VERSION "2.0.11"
| #define PACKAGE_STRING "swig 2.0.11"
| #define PACKAGE_BUGREPORT "http://www.swig.org"
| #define PACKAGE_URL ""
| #define PACKAGE "swig"
| #define VERSION "2.0.11"
| #define SWIG_CXX "g++"
| #define SWIG_PLATFORM "x86_64-apple-darwin13.3.0"
| #define STDC_HEADERS 1
| #define HAVE_SYS_TYPES_H 1
| #define HAVE_SYS_STAT_H 1
| #define HAVE_STDLIB_H 1
| #define HAVE_STRING_H 1
| #define HAVE_MEMORY_H 1
| #define HAVE_STRINGS_H 1
| #define HAVE_INTTYPES_H 1
| #define HAVE_STDINT_H 1
| #define HAVE_UNISTD_H 1
| #define HAVE_BOOL 1
| #define HAVE_POPEN 1
| #define HAVE_PCRE 1
| #define HAVE_LIBDL 1
| /* end confdefs.h.  */
| 
| /* Override any GCC internal prototype to avoid an error.
|    Use char because int might match the return type of a GCC
|    builtin and then its argument prototype would still apply.  */
| #ifdef __cplusplus
| extern "C"
| #endif
| char lua_close ();
| int
| main ()
| {
| return lua_close ();
|   ;
|   return 0;
| }
configure:10793: gcc -o conftest -g -O2 -Wall -W -ansi -pedantic  -I/Users/ats/dev/swig-2.0.11/pcre/pcre-swig-install/include -DPCRE_STATIC  conftest.c -llua5.0  -ldl  -L/Users/ats/dev/swig-2.0.11/pcre/pcre-swig-install/lib -lpcre >&5
ld: library not found for -llua5.0
clang: error: linker command failed with exit code 1 (use -v to see invocation)
configure:10793: $? = 1
configure: failed program was:
| /* confdefs.h */
| #define PACKAGE_NAME "swig"
| #define PACKAGE_TARNAME "swig"
| #define PACKAGE_VERSION "2.0.11"
| #define PACKAGE_STRING "swig 2.0.11"
| #define PACKAGE_BUGREPORT "http://www.swig.org"
| #define PACKAGE_URL ""
| #define PACKAGE "swig"
| #define VERSION "2.0.11"
| #define SWIG_CXX "g++"
| #define SWIG_PLATFORM "x86_64-apple-darwin13.3.0"
| #define STDC_HEADERS 1
| #define HAVE_SYS_TYPES_H 1
| #define HAVE_SYS_STAT_H 1
| #define HAVE_STDLIB_H 1
| #define HAVE_STRING_H 1
| #define HAVE_MEMORY_H 1
| #define HAVE_STRINGS_H 1
| #define HAVE_INTTYPES_H 1
| #define HAVE_STDINT_H 1
| #define HAVE_UNISTD_H 1
| #define HAVE_BOOL 1
| #define HAVE_POPEN 1
| #define HAVE_PCRE 1
| #define HAVE_LIBDL 1
| /* end confdefs.h.  */
| 
| /* Override any GCC internal prototype to avoid an error.
|    Use char because int might match the return type of a GCC
|    builtin and then its argument prototype would still apply.  */
| #ifdef __cplusplus
| extern "C"
| #endif
| char lua_close ();
| int
| main ()
| {
| return lua_close ();
|   ;
|   return 0;
| }
configure:10793: gcc -o conftest -g -O2 -Wall -W -ansi -pedantic  -I/Users/ats/dev/swig-2.0.11/pcre/pcre-swig-install/include -DPCRE_STATIC  conftest.c -llua50  -ldl  -L/Users/ats/dev/swig-2.0.11/pcre/pcre-swig-install/lib -lpcre >&5
ld: library not found for -llua50
clang: error: linker command failed with exit code 1 (use -v to see invocation)
configure:10793: $? = 1
configure: failed program was:
| /* confdefs.h */
| #define PACKAGE_NAME "swig"
| #define PACKAGE_TARNAME "swig"
| #define PACKAGE_VERSION "2.0.11"
| #define PACKAGE_STRING "swig 2.0.11"
| #define PACKAGE_BUGREPORT "http://www.swig.org"
| #define PACKAGE_URL ""
| #define PACKAGE "swig"
| #define VERSION "2.0.11"
| #define SWIG_CXX "g++"
| #define SWIG_PLATFORM "x86_64-apple-darwin13.3.0"
| #define STDC_HEADERS 1
| #define HAVE_SYS_TYPES_H 1
| #define HAVE_SYS_STAT_H 1
| #define HAVE_STDLIB_H 1
| #define HAVE_STRING_H 1
| #define HAVE_MEMORY_H 1
| #define HAVE_STRINGS_H 1
| #define HAVE_INTTYPES_H 1
| #define HAVE_STDINT_H 1
| #define HAVE_UNISTD_H 1
| #define HAVE_BOOL 1
| #define HAVE_POPEN 1
| #define HAVE_PCRE 1
| #define HAVE_LIBDL 1
| /* end confdefs.h.  */
| 
| /* Override any GCC internal prototype to avoid an error.
|    Use char because int might match the return type of a GCC
|    builtin and then its argument prototype would still apply.  */
| #ifdef __cplusplus
| extern "C"
| #endif
| char lua_close ();
| int
| main ()
| {
| return lua_close ();
|   ;
|   return 0;
| }
configure:10810: result: no
configure:10862: checking for alisp
configure:10895: result: no
configure:10931: checking for clisp
configure:10964: result: no
configure:11000: checking for R
configure:11033: result: no
configure:11072: checking for go
configure:11102: result: no
configure:11072: checking for 6g
configure:11102: result: no
configure:11072: checking for 8g
configure:11102: result: no
configure:11072: checking for gccgo
configure:11102: result: no
configure:11260: checking for dmd
configure:11290: result: no
configure:11260: checking for ldmd
configure:11290: result: no
configure:11260: checking for gdmd
configure:11290: result: no
configure:11345: checking for dmd
configure:11375: result: no
configure:11345: checking for gdmd
configure:11375: result: no
configure:11827: creating ./config.status

## ---------------------- ##
## Running config.status. ##
## ---------------------- ##

This file was extended by swig config.status 2.0.11, which was
generated by GNU Autoconf 2.68.  Invocation command line was

  CONFIG_FILES    = 
  CONFIG_HEADERS  = 
  CONFIG_LINKS    = 
  CONFIG_COMMANDS = 
  $ ./config.status 

on Atss-MacBook-Pro.local

config.status:1083: creating Makefile
config.status:1083: creating swig.spec
config.status:1083: creating Source/Makefile
config.status:1083: creating Examples/Makefile
config.status:1083: creating Examples/xml/Makefile
config.status:1083: creating Examples/test-suite/chicken/Makefile
config.status:1083: creating Examples/test-suite/csharp/Makefile
config.status:1083: creating Examples/test-suite/d/Makefile
config.status:1083: creating Examples/test-suite/guile/Makefile
config.status:1083: creating Examples/test-suite/java/Makefile
config.status:1083: creating Examples/test-suite/mzscheme/Makefile
config.status:1083: creating Examples/test-suite/ocaml/Makefile
config.status:1083: creating Examples/test-suite/octave/Makefile
config.status:1083: creating Examples/test-suite/perl5/Makefile
config.status:1083: creating Examples/test-suite/php/Makefile
config.status:1083: creating Examples/test-suite/pike/Makefile
config.status:1083: creating Examples/test-suite/python/Makefile
config.status:1083: creating Examples/test-suite/ruby/Makefile
config.status:1083: creating Examples/test-suite/tcl/Makefile
config.status:1083: creating Examples/test-suite/lua/Makefile
config.status:1083: creating Examples/test-suite/allegrocl/Makefile
config.status:1083: creating Examples/test-suite/clisp/Makefile
config.status:1083: creating Examples/test-suite/cffi/Makefile
config.status:1083: creating Examples/test-suite/uffi/Makefile
config.status:1083: creating Examples/test-suite/r/Makefile
config.status:1083: creating Examples/test-suite/go/Makefile
config.status:1083: creating Lib/ocaml/swigp4.ml
config.status:1083: creating preinst-swig
config.status:1083: creating CCache/ccache_swig_config.h
config.status:1083: creating Source/Include/swigconfig.h
config.status:1264: Source/Include/swigconfig.h is unchanged
config.status:1312: executing depfiles commands
configure:13252: === configuring in CCache (/Users/ats/dev/swig-2.0.11/CCache)
configure:13315: running /bin/sh ./configure --disable-option-checking '--prefix=/usr/local'  --cache-file=/dev/null --srcdir=.

## ---------------- ##
## Cache variables. ##
## ---------------- ##

ac_cv_build=x86_64-apple-darwin13.3.0
ac_cv_c_compiler_gnu=yes
ac_cv_cxx_compiler_gnu=yes
ac_cv_env_CCC_set=
ac_cv_env_CCC_value=
ac_cv_env_CC_set=
ac_cv_env_CC_value=
ac_cv_env_CFLAGS_set=
ac_cv_env_CFLAGS_value=
ac_cv_env_CPPFLAGS_set=
ac_cv_env_CPPFLAGS_value=
ac_cv_env_CPP_set=
ac_cv_env_CPP_value=
ac_cv_env_CXXFLAGS_set=
ac_cv_env_CXXFLAGS_value=
ac_cv_env_CXX_set=
ac_cv_env_CXX_value=
ac_cv_env_LDFLAGS_set=
ac_cv_env_LDFLAGS_value=
ac_cv_env_LIBS_set=
ac_cv_env_LIBS_value=
ac_cv_env_PCRE_CFLAGS_set=
ac_cv_env_PCRE_CFLAGS_value=
ac_cv_env_PCRE_CONFIG_set=
ac_cv_env_PCRE_CONFIG_value=
ac_cv_env_PCRE_LIBS_set=
ac_cv_env_PCRE_LIBS_value=
ac_cv_env_XMKMF_set=
ac_cv_env_XMKMF_value=
ac_cv_env_YACC_set=
ac_cv_env_YACC_value=
ac_cv_env_YFLAGS_set=
ac_cv_env_YFLAGS_value=
ac_cv_env_build_alias_set=
ac_cv_env_build_alias_value=
ac_cv_env_host_alias_set=
ac_cv_env_host_alias_value=
ac_cv_env_target_alias_set=
ac_cv_env_target_alias_value=
ac_cv_func_popen=yes
ac_cv_have_x='have_x=yes	ac_x_includes='\''/usr/X11/include'\''	ac_x_libraries='\''/usr/X11/lib'\'''
ac_cv_header_inttypes_h=yes
ac_cv_header_lua_h=no
ac_cv_header_memory_h=yes
ac_cv_header_stdc=yes
ac_cv_header_stdint_h=yes
ac_cv_header_stdlib_h=yes
ac_cv_header_string_h=yes
ac_cv_header_strings_h=yes
ac_cv_header_sys_stat_h=yes
ac_cv_header_sys_types_h=yes
ac_cv_header_unistd_h=yes
ac_cv_host=x86_64-apple-darwin13.3.0
ac_cv_lib_crypt_crypt=no
ac_cv_lib_dl_dlopen=yes
ac_cv_lib_dld_shl_load=no
ac_cv_lib_ieee_main=no
ac_cv_lib_swill_swill_init=no
ac_cv_objext=o
ac_cv_path_EGREP='/usr/bin/grep -E'
ac_cv_path_GREP=/usr/bin/grep
ac_cv_path_PCRE_CONFIG=/Users/ats/dev/swig-2.0.11/pcre/pcre-swig-install/bin/pcre-config
ac_cv_path_SED=/usr/bin/sed
ac_cv_path_install='/usr/bin/install -c'
ac_cv_prog_ADB=adb
ac_cv_prog_ANDROID=android
ac_cv_prog_ANT=ant
ac_cv_prog_AR=ar
ac_cv_prog_AWK=awk
ac_cv_prog_CPP='gcc -E'
ac_cv_prog_JAVA=java
ac_cv_prog_JAVAC=javac
ac_cv_prog_OCAMLBIN=yes
ac_cv_prog_PERL=perl
ac_cv_prog_PHP=php
ac_cv_prog_PYTHON=python
ac_cv_prog_RUBY=ruby
ac_cv_prog_YACC='bison -y'
ac_cv_prog_ac_ct_CC=gcc
ac_cv_prog_ac_ct_CXX=g++
ac_cv_prog_ac_ct_RANLIB=ranlib
ac_cv_prog_cc_c89=
ac_cv_prog_cc_g=yes
ac_cv_prog_cc_gcc_c_o=yes
ac_cv_prog_cxx_g=yes
ac_cv_prog_make_make_set=yes
ac_cv_search_gethostbyname='none required'
ac_cv_search_lua_close=no
ac_cv_search_socket='none required'
ac_cv_search_t_open=no
ac_cv_type_bool=yes
am_cv_CC_dependencies_compiler_type=gcc3
am_cv_CXX_dependencies_compiler_type=gcc3

## ----------------- ##
## Output variables. ##
## ----------------- ##

ACLOCAL='${SHELL} /Users/ats/dev/swig-2.0.11/Tools/config/missing --run aclocal-1.11'
ADB='adb'
ALLEGROCLBIN=''
AMDEPBACKSLASH='\'
AMDEP_FALSE='#'
AMDEP_TRUE=''
AMTAR='$${TAR-tar}'
ANDROID='android'
ANT='ant'
AR='ar'
AUTOCONF='${SHELL} /Users/ats/dev/swig-2.0.11/Tools/config/missing --run autoconf'
AUTOHEADER='${SHELL} /Users/ats/dev/swig-2.0.11/Tools/config/missing --run autoheader'
AUTOMAKE='${SHELL} /Users/ats/dev/swig-2.0.11/Tools/config/missing --run automake-1.11'
AWK='awk'
BOOST_CPPFLAGS='-I/include/boost-0'
BOOST_LDFLAGS='-L/lib64'
CC='gcc'
CCDEPMODE='depmode=gcc3'
CCSHARED=''
CFLAGS='-g -O2 -Wall -W -ansi -pedantic'
CHICKEN=''
CHICKENLIB=''
CHICKENOPTS=''
CHICKENSHAREDLIB=''
CHICKEN_CSC=''
CHICKEN_CSI=''
CLISPBIN=''
CPP='gcc -E'
CPPFLAGS=' -I/Users/ats/dev/swig-2.0.11/pcre/pcre-swig-install/include -DPCRE_STATIC'
CSHARPCFLAGS=''
CSHARPCILINTERPRETER=''
CSHARPCILINTERPRETER_FLAGS=''
CSHARPCOMPILER=''
CSHARPCYGPATH_W='echo'
CSHARPDYNAMICLINKING=''
CSHARPLIBRARYPREFIX='lib'
CSHARPPATHSEPARATOR='/'
CSHARPSO='.so'
CXX='g++'
CXXDEPMODE='depmode=gcc3'
CXXFLAGS='-g -O2 -Wall -W -ansi -pedantic'
CXXSHARED='cc -bundle -undefined suppress -flat_namespace'
CYGPATH_W='echo'
D1COMPILER=''
D2COMPILER=''
DDEFAULTVERSION=''
DEFS='-DHAVE_CONFIG_H'
DEPDIR='.deps'
DLIBPREFIX='lib'
ECHO_C='\c'
ECHO_N=''
ECHO_T=''
EGREP='/usr/bin/grep -E'
ENABLE_CCACHE='1'
EXEEXT=''
EXTRA_CLEAN=''
GCJ=''
GCJH=''
GO1='false'
GO=''
GOC=''
GOGCC='false'
GOOPT=''
GOVERSIONOPTION=''
GREP='/usr/bin/grep'
GUILE='yes'
GUILE_CFLAGS=''
GUILE_CONFIG=''
GUILE_LIBS=''
GUILE_SO='.so'
INSTALL_DATA='${INSTALL} -m 644'
INSTALL_PROGRAM='${INSTALL}'
INSTALL_SCRIPT='${INSTALL}'
INSTALL_STRIP_PROGRAM='$(install_sh) -c -s'
JAVA='java'
JAVAC='javac'
JAVACFLAGS=''
JAVACXXSHARED='$(CXX)'
JAVADYNAMICLINKING='-dynamiclib -framework JavaVM'
JAVAINC='-I"/System/Library/Frameworks/JavaVM.framework/Headers" -I"/System/Library/Frameworks/JavaVM.framework/Headers"'
JAVALDSHARED='$(CC)'
JAVALIBRARYPREFIX='lib'
JAVASO='.jnilib'
LDFLAGS=''
LDSHARED='cc -bundle -undefined suppress -flat_namespace'
LIBC=''
LIBCRYPT=''
LIBM='-lm'
LIBOBJS=''
LIBS='-ldl  -L/Users/ats/dev/swig-2.0.11/pcre/pcre-swig-install/lib -lpcre'
LINKFORSHARED=''
LTLIBOBJS=''
LUABIN=''
LUADYNAMICLINKING=''
LUAFLAGS=''
LUALINK=' -llualib'
LUA_SO='.so'
MAKEINFO='${SHELL} /Users/ats/dev/swig-2.0.11/Tools/config/missing --run makeinfo'
MKDIR_P='Tools/config/install-sh -c -d'
MZC=''
MZDYNOBJ=''
MZSCHEME=''
MZSCHEME_SO='.so'
NDKBUILD=''
OBJEXT='o'
OCAMLBIN='yes'
OCAMLC=':'
OCAMLDLGEN=':'
OCAMLFIND=':'
OCAMLINC=''
OCAMLLOC='loc'
OCAMLMKTOP=':'
OCAMLVER=''
OCTAVE=''
OCTAVE_CPPFLAGS=''
OCTAVE_CXXFLAGS=''
OCTAVE_LDFLAGS=''
OCTAVE_SO='.oct'
PACKAGE='swig'
PACKAGE_BUGREPORT='http://www.swig.org'
PACKAGE_NAME='swig'
PACKAGE_STRING='swig 2.0.11'
PACKAGE_TARNAME='swig'
PACKAGE_URL=''
PACKAGE_VERSION='2.0.11'
PATH_SEPARATOR=':'
PCRE_CFLAGS='-I/Users/ats/dev/swig-2.0.11/pcre/pcre-swig-install/include -DPCRE_STATIC'
PCRE_CONFIG='/Users/ats/dev/swig-2.0.11/pcre/pcre-swig-install/bin/pcre-config'
PCRE_LIBS='-L/Users/ats/dev/swig-2.0.11/pcre/pcre-swig-install/lib -lpcre'
PERL5CCCDLFLAGS=' '
PERL5CCDLFLAGS=' '
PERL5CCFLAGS='-pipe -Os  -fno-common -DPERL_DARWIN -isystem /opt/local/include -no-cpp-precomp -fno-strict-aliasing -fstack-protector -I/opt/local/include'
PERL5DYNAMICLINKING=''
PERL5EXT='/opt/local/lib/perl5/5.12.5/darwin-thread-multi-2level/CORE'
PERL5LDFLAGS='-L/opt/local/lib -Wl,-headerpad_max_install_names  -fstack-protector'
PERL5LIB='perl'
PERL='perl'
PHP='php'
PHPINC='-I/usr/include/php -I/usr/include/php/main -I/usr/include/php/TSRM -I/usr/include/php/Zend -I/usr/include/php/ext -I/usr/include/php/ext/date/lib'
PHP_SO='.so'
PIKE=''
PIKECCDLFLAGS=''
PIKECONFIG=''
PIKEDYNAMICLINKING=''
PIKEINCLUDE=''
PLATFLAGS=''
PY3CONFIG=''
PY3INCLUDE=''
PY3LIB=''
PY3LINK=''
PYINCLUDE='-I/System/Library/Frameworks/Python.framework/Versions/2.7/include/python2.7 -I/System/Library/Frameworks/Python.framework/Versions/2.7/lib/python2.7/config'
PYLIB='/System/Library/Frameworks/Python.framework/Versions/2.7/lib/python2.7/config'
PYLINK='-lpython2.7'
PYTHON3=''
PYTHON3DYNAMICLINKING=''
PYTHON='python'
PYTHONDYNAMICLINKING=''
PYTHON_SO='.so'
RANLIB='ranlib'
RBIN=''
ROOT_DIR='/Users/ats/dev/swig-2.0.11'
RPATH=''
RUBY='ruby'
RUBYCCDLFLAGS=''
RUBYDYNAMICLINKING=''
RUBYINCLUDE='-I/System/Library/Frameworks/Ruby.framework/Versions/2.0/usr/include/ruby-2.0.0 -I/System/Library/Frameworks/Ruby.framework/Versions/2.0/usr/include/ruby-2.0.0/universal-darwin13'
RUBYLIB='/System/Library/Frameworks/Ruby.framework/Versions/2.0/usr/include/ruby-2.0.0'
RUBYLINK='-lruby.2.0.0 -lpthread -ldl -lobjc'
RUBYSO='.bundle'
SED='/usr/bin/sed'
SET_MAKE=''
SHELL='/bin/sh'
SKIP_ALLEGROCL='1'
SKIP_ANDROID='1'
SKIP_CFFI='1'
SKIP_CHICKEN='1'
SKIP_CLISP='1'
SKIP_CSHARP='1'
SKIP_D='1'
SKIP_GCJ='1'
SKIP_GO='1'
SKIP_GUILE='1'
SKIP_JAVA=''
SKIP_LUA='1'
SKIP_MODULA3='1'
SKIP_MZSCHEME='1'
SKIP_OCAML='1'
SKIP_OCTAVE='1'
SKIP_PERL5=''
SKIP_PHP=''
SKIP_PIKE='1'
SKIP_PYTHON3='1'
SKIP_PYTHON=''
SKIP_R='1'
SKIP_RUBY=''
SKIP_TCL=''
SKIP_UFFI='1'
SO='.bundle'
STRIP=''
SWIGLIBS=''
SWIG_LIB='/usr/local/share/swig/2.0.11'
SWILL=''
TCLCXXSHARED='$(CXX) -dynamiclib -undefined suppress -flat_namespace'
TCLDYNAMICLINKING=''
TCLINCLUDE='-isystem /System/Library/Frameworks/Tcl.framework/Versions/8.5/Headers'
TCLLDSHARED='$(CC) -dynamiclib -undefined suppress -flat_namespace'
TCLLIB='-F/System/Library/Frameworks -framework Tcl'
TCL_SO='.dylib'
TRYLINKINGWITHCXX='CXXSHARED= g++ -bundle -undefined suppress -flat_namespace'
VERSION='2.0.11'
XINCLUDES='-I/usr/X11/include'
XLIBSW='-L/usr/X11/lib -lX11'
XMKMF=''
YACC='bison -y'
YFLAGS=''
YODL2HTML=''
YODL2MAN=''
ac_aux_dir='Tools/config'
ac_ct_CC='gcc'
ac_ct_CXX='g++'
am__EXEEXT_FALSE=''
am__EXEEXT_TRUE='#'
am__fastdepCC_FALSE='#'
am__fastdepCC_TRUE=''
am__fastdepCXX_FALSE='#'
am__fastdepCXX_TRUE=''
am__include='include'
am__isrc=''
am__leading_dot='.'
am__nodep='_no'
am__quote=''
am__tar='$${TAR-tar} chof - "$$tardir"'
am__untar='$${TAR-tar} xf -'
bindir='${exec_prefix}/bin'
build='x86_64-apple-darwin13.3.0'
build_alias=''
build_cpu='x86_64'
build_os='darwin13.3.0'
build_vendor='apple'
datadir='${datarootdir}'
datarootdir='${prefix}/share'
docdir='${datarootdir}/doc/${PACKAGE_TARNAME}'
dvidir='${docdir}'
exec_prefix='${prefix}'
host='x86_64-apple-darwin13.3.0'
host_alias=''
host_cpu='x86_64'
host_os='darwin13.3.0'
host_vendor='apple'
htmldir='${docdir}'
includedir='${prefix}/include'
infodir='${datarootdir}/info'
install_sh='${SHELL} /Users/ats/dev/swig-2.0.11/Tools/config/install-sh'
libdir='${exec_prefix}/lib'
libexecdir='${exec_prefix}/libexec'
localedir='${datarootdir}/locale'
localstatedir='${prefix}/var'
mandir='${datarootdir}/man'
mkdir_p='$(top_builddir)/Tools/config/install-sh -c -d'
oldincludedir='/usr/include'
pdfdir='${docdir}'
prefix='/usr/local'
program_transform_name='s,x,x,'
psdir='${docdir}'
sbindir='${exec_prefix}/sbin'
sharedstatedir='${prefix}/com'
subdirs=' CCache'
swig_lib='${datarootdir}/swig/2.0.11'
sysconfdir='${prefix}/etc'
target_alias=''

## ----------- ##
## confdefs.h. ##
## ----------- ##

/* confdefs.h */
#define PACKAGE_NAME "swig"
#define PACKAGE_TARNAME "swig"
#define PACKAGE_VERSION "2.0.11"
#define PACKAGE_STRING "swig 2.0.11"
#define PACKAGE_BUGREPORT "http://www.swig.org"
#define PACKAGE_URL ""
#define PACKAGE "swig"
#define VERSION "2.0.11"
#define SWIG_CXX "g++"
#define SWIG_PLATFORM "x86_64-apple-darwin13.3.0"
#define STDC_HEADERS 1
#define HAVE_SYS_TYPES_H 1
#define HAVE_SYS_STAT_H 1
#define HAVE_STDLIB_H 1
#define HAVE_STRING_H 1
#define HAVE_MEMORY_H 1
#define HAVE_STRINGS_H 1
#define HAVE_INTTYPES_H 1
#define HAVE_STDINT_H 1
#define HAVE_UNISTD_H 1
#define HAVE_BOOL 1
#define HAVE_POPEN 1
#define HAVE_PCRE 1
#define HAVE_LIBDL 1
#define SWIG_LIB "/usr/local/share/swig/2.0.11"
#define SWIG_LIB_WIN_UNIX ""

configure: exit 0
