This file contains any messages produced by compilers while
running configure, to aid debugging if configure makes a mistake.

It was created by ccache-swig configure 0.0, which was
generated by GNU Autoconf 2.68.  Invocation command line was

  $ ./configure --disable-option-checking --prefix=/usr/local --cache-file=/dev/null --srcdir=.

## --------- ##
## Platform. ##
## --------- ##

hostname = Atss-MacBook-Pro.local
uname -m = x86_64
uname -r = 13.3.0
uname -s = Darwin
uname -v = Darwin Kernel Version 13.3.0: Tue Jun  3 21:27:35 PDT 2014; root:xnu-2422.110.17~1/RELEASE_X86_64

/usr/bin/uname -p = i386
/bin/uname -X     = unknown

/bin/arch              = unknown
/usr/bin/arch -k       = unknown
/usr/convex/getsysinfo = unknown
/usr/bin/hostinfo      = Mach kernel version:
	 Darwin Kernel Version 13.3.0: Tue Jun  3 21:27:35 PDT 2014; root:xnu-2422.110.17~1/RELEASE_X86_64
Kernel configured for up to 8 processors.
4 processors are physically available.
8 processors are logically available.
Processor type: i486 (Intel 80486)
Processors active: 0 1 2 3 4 5 6 7
Primary memory available: 8.00 gigabytes
Default processor set: 169 tasks, 799 threads, 8 processors
Load average: 2.18, Mach factor: 5.81
/bin/machine           = unknown
/usr/bin/oslevel       = unknown
/bin/universe          = unknown

PATH: /opt/local/bin
PATH: /opt/local/sbin
PATH: /usr/bin
PATH: /bin
PATH: /usr/sbin
PATH: /sbin
PATH: /usr/local/bin
PATH: /opt/X11/bin
PATH: /Users/ats/dev/android-sdk/tools
PATH: /Users/ats/dev/android-sdk/platform-tools
PATH: /Users/ats/dev/android-ndk-r9b


## ----------- ##
## Core tests. ##
## ----------- ##

configure:2079: Configuring ccache
configure:2133: checking for gcc
configure:2149: found /usr/bin/gcc
configure:2160: result: gcc
configure:2389: checking for C compiler version
configure:2398: gcc --version >&5
Apple LLVM version 5.1 (clang-503.0.40) (based on LLVM 3.4svn)
Target: x86_64-apple-darwin13.3.0
Thread model: posix
Configured with: --prefix=/Applications/Xcode.app/Contents/Developer/usr --with-gxx-include-dir=/usr/include/c++/4.2.1
configure:2409: $? = 0
configure:2398: gcc -v >&5
Configured with: --prefix=/Applications/Xcode.app/Contents/Developer/usr --with-gxx-include-dir=/usr/include/c++/4.2.1
Apple LLVM version 5.1 (clang-503.0.40) (based on LLVM 3.4svn)
Target: x86_64-apple-darwin13.3.0
Thread model: posix
configure:2409: $? = 0
configure:2398: gcc -V >&5
clang: error: argument to '-V' is missing (expected 1 value)
clang: error: no input files
configure:2409: $? = 1
configure:2398: gcc -qversion >&5
clang: error: unknown argument: '-qversion' [-Wunused-command-line-argument-hard-error-in-future]
clang: note: this will be a hard error (cannot be downgraded to a warning) in the future
clang: error: no input files
configure:2409: $? = 1
configure:2429: checking whether the C compiler works
configure:2451: gcc   -I/Users/ats/dev/swig-2.0.11/pcre/pcre-swig-install/include -DPCRE_STATIC  conftest.c  >&5
configure:2455: $? = 0
configure:2503: result: yes
configure:2506: checking for C compiler default output file name
configure:2508: result: a.out
configure:2514: checking for suffix of executables
configure:2521: gcc -o conftest   -I/Users/ats/dev/swig-2.0.11/pcre/pcre-swig-install/include -DPCRE_STATIC  conftest.c  >&5
configure:2525: $? = 0
configure:2547: result: 
configure:2569: checking whether we are cross compiling
configure:2577: gcc -o conftest   -I/Users/ats/dev/swig-2.0.11/pcre/pcre-swig-install/include -DPCRE_STATIC  conftest.c  >&5
configure:2581: $? = 0
configure:2588: ./conftest
configure:2592: $? = 0
configure:2607: result: no
configure:2612: checking for suffix of object files
configure:2634: gcc -c   -I/Users/ats/dev/swig-2.0.11/pcre/pcre-swig-install/include -DPCRE_STATIC conftest.c >&5
configure:2638: $? = 0
configure:2659: result: o
configure:2663: checking whether we are using the GNU C compiler
configure:2682: gcc -c   -I/Users/ats/dev/swig-2.0.11/pcre/pcre-swig-install/include -DPCRE_STATIC conftest.c >&5
configure:2682: $? = 0
configure:2691: result: yes
configure:2700: checking whether gcc accepts -g
configure:2720: gcc -c -g  -I/Users/ats/dev/swig-2.0.11/pcre/pcre-swig-install/include -DPCRE_STATIC conftest.c >&5
configure:2720: $? = 0
configure:2761: result: yes
configure:2778: checking for gcc option to accept ISO C89
configure:2842: gcc  -c -g -O2  -I/Users/ats/dev/swig-2.0.11/pcre/pcre-swig-install/include -DPCRE_STATIC conftest.c >&5
configure:2842: $? = 0
configure:2855: result: none needed
configure:2880: checking how to run the C preprocessor
configure:2911: gcc -E  -I/Users/ats/dev/swig-2.0.11/pcre/pcre-swig-install/include -DPCRE_STATIC conftest.c
configure:2911: $? = 0
configure:2925: gcc -E  -I/Users/ats/dev/swig-2.0.11/pcre/pcre-swig-install/include -DPCRE_STATIC conftest.c
conftest.c:9:10: fatal error: 'ac_nonexistent.h' file not found
#include <ac_nonexistent.h>
         ^
1 error generated.
configure:2925: $? = 1
configure: failed program was:
| /* confdefs.h */
| #define PACKAGE_NAME "ccache-swig"
| #define PACKAGE_TARNAME "ccache-swig"
| #define PACKAGE_VERSION "0.0"
| #define PACKAGE_STRING "ccache-swig 0.0"
| #define PACKAGE_BUGREPORT ""
| #define PACKAGE_URL ""
| /* end confdefs.h.  */
| #include <ac_nonexistent.h>
configure:2950: result: gcc -E
configure:2970: gcc -E  -I/Users/ats/dev/swig-2.0.11/pcre/pcre-swig-install/include -DPCRE_STATIC conftest.c
configure:2970: $? = 0
configure:2984: gcc -E  -I/Users/ats/dev/swig-2.0.11/pcre/pcre-swig-install/include -DPCRE_STATIC conftest.c
conftest.c:9:10: fatal error: 'ac_nonexistent.h' file not found
#include <ac_nonexistent.h>
         ^
1 error generated.
configure:2984: $? = 1
configure: failed program was:
| /* confdefs.h */
| #define PACKAGE_NAME "ccache-swig"
| #define PACKAGE_TARNAME "ccache-swig"
| #define PACKAGE_VERSION "0.0"
| #define PACKAGE_STRING "ccache-swig 0.0"
| #define PACKAGE_BUGREPORT ""
| #define PACKAGE_URL ""
| /* end confdefs.h.  */
| #include <ac_nonexistent.h>
configure:3055: checking for a BSD-compatible install
configure:3123: result: /usr/bin/install -c
configure:3161: checking for dirent.h that defines DIR
configure:3180: gcc -c -g -O2 -Wall -W  -I/Users/ats/dev/swig-2.0.11/pcre/pcre-swig-install/include -DPCRE_STATIC conftest.c >&5
configure:3180: $? = 0
configure:3188: result: yes
configure:3201: checking for library containing opendir
configure:3232: gcc -o conftest -g -O2 -Wall -W  -I/Users/ats/dev/swig-2.0.11/pcre/pcre-swig-install/include -DPCRE_STATIC  conftest.c  >&5
configure:3232: $? = 0
configure:3249: result: none required
configure:3316: checking whether time.h and sys/time.h may both be included
configure:3336: gcc -c -g -O2 -Wall -W  -I/Users/ats/dev/swig-2.0.11/pcre/pcre-swig-install/include -DPCRE_STATIC conftest.c >&5
configure:3336: $? = 0
configure:3343: result: yes
configure:3351: checking for sys/wait.h that is POSIX.1 compatible
configure:3377: gcc -c -g -O2 -Wall -W  -I/Users/ats/dev/swig-2.0.11/pcre/pcre-swig-install/include -DPCRE_STATIC conftest.c >&5
configure:3377: $? = 0
configure:3384: result: yes
configure:3394: checking for grep that handles long lines and -e
configure:3452: result: /usr/bin/grep
configure:3457: checking for egrep
configure:3519: result: /usr/bin/grep -E
configure:3524: checking for ANSI C header files
configure:3544: gcc -c -g -O2 -Wall -W  -I/Users/ats/dev/swig-2.0.11/pcre/pcre-swig-install/include -DPCRE_STATIC conftest.c >&5
configure:3544: $? = 0
configure:3617: gcc -o conftest -g -O2 -Wall -W  -I/Users/ats/dev/swig-2.0.11/pcre/pcre-swig-install/include -DPCRE_STATIC  conftest.c  >&5
configure:3617: $? = 0
configure:3617: ./conftest
configure:3617: $? = 0
configure:3628: result: yes
configure:3641: checking for sys/types.h
configure:3641: gcc -c -g -O2 -Wall -W  -I/Users/ats/dev/swig-2.0.11/pcre/pcre-swig-install/include -DPCRE_STATIC conftest.c >&5
configure:3641: $? = 0
configure:3641: result: yes
configure:3641: checking for sys/stat.h
configure:3641: gcc -c -g -O2 -Wall -W  -I/Users/ats/dev/swig-2.0.11/pcre/pcre-swig-install/include -DPCRE_STATIC conftest.c >&5
configure:3641: $? = 0
configure:3641: result: yes
configure:3641: checking for stdlib.h
configure:3641: gcc -c -g -O2 -Wall -W  -I/Users/ats/dev/swig-2.0.11/pcre/pcre-swig-install/include -DPCRE_STATIC conftest.c >&5
configure:3641: $? = 0
configure:3641: result: yes
configure:3641: checking for string.h
configure:3641: gcc -c -g -O2 -Wall -W  -I/Users/ats/dev/swig-2.0.11/pcre/pcre-swig-install/include -DPCRE_STATIC conftest.c >&5
configure:3641: $? = 0
configure:3641: result: yes
configure:3641: checking for memory.h
configure:3641: gcc -c -g -O2 -Wall -W  -I/Users/ats/dev/swig-2.0.11/pcre/pcre-swig-install/include -DPCRE_STATIC conftest.c >&5
configure:3641: $? = 0
configure:3641: result: yes
configure:3641: checking for strings.h
configure:3641: gcc -c -g -O2 -Wall -W  -I/Users/ats/dev/swig-2.0.11/pcre/pcre-swig-install/include -DPCRE_STATIC conftest.c >&5
configure:3641: $? = 0
configure:3641: result: yes
configure:3641: checking for inttypes.h
configure:3641: gcc -c -g -O2 -Wall -W  -I/Users/ats/dev/swig-2.0.11/pcre/pcre-swig-install/include -DPCRE_STATIC conftest.c >&5
configure:3641: $? = 0
configure:3641: result: yes
configure:3641: checking for stdint.h
configure:3641: gcc -c -g -O2 -Wall -W  -I/Users/ats/dev/swig-2.0.11/pcre/pcre-swig-install/include -DPCRE_STATIC conftest.c >&5
configure:3641: $? = 0
configure:3641: result: yes
configure:3641: checking for unistd.h
configure:3641: gcc -c -g -O2 -Wall -W  -I/Users/ats/dev/swig-2.0.11/pcre/pcre-swig-install/include -DPCRE_STATIC conftest.c >&5
configure:3641: $? = 0
configure:3641: result: yes
configure:3656: checking ctype.h usability
configure:3656: gcc -c -g -O2 -Wall -W  -I/Users/ats/dev/swig-2.0.11/pcre/pcre-swig-install/include -DPCRE_STATIC conftest.c >&5
configure:3656: $? = 0
configure:3656: result: yes
configure:3656: checking ctype.h presence
configure:3656: gcc -E  -I/Users/ats/dev/swig-2.0.11/pcre/pcre-swig-install/include -DPCRE_STATIC conftest.c
configure:3656: $? = 0
configure:3656: result: yes
configure:3656: checking for ctype.h
configure:3656: result: yes
configure:3656: checking for strings.h
configure:3656: result: yes
configure:3656: checking for stdlib.h
configure:3656: result: yes
configure:3656: checking for string.h
configure:3656: result: yes
configure:3656: checking pwd.h usability
configure:3656: gcc -c -g -O2 -Wall -W  -I/Users/ats/dev/swig-2.0.11/pcre/pcre-swig-install/include -DPCRE_STATIC conftest.c >&5
configure:3656: $? = 0
configure:3656: result: yes
configure:3656: checking pwd.h presence
configure:3656: gcc -E  -I/Users/ats/dev/swig-2.0.11/pcre/pcre-swig-install/include -DPCRE_STATIC conftest.c
configure:3656: $? = 0
configure:3656: result: yes
configure:3656: checking for pwd.h
configure:3656: result: yes
configure:3656: checking sys/time.h usability
configure:3656: gcc -c -g -O2 -Wall -W  -I/Users/ats/dev/swig-2.0.11/pcre/pcre-swig-install/include -DPCRE_STATIC conftest.c >&5
configure:3656: $? = 0
configure:3656: result: yes
configure:3656: checking sys/time.h presence
configure:3656: gcc -E  -I/Users/ats/dev/swig-2.0.11/pcre/pcre-swig-install/include -DPCRE_STATIC conftest.c
configure:3656: $? = 0
configure:3656: result: yes
configure:3656: checking for sys/time.h
configure:3656: result: yes
configure:3670: checking for realpath
configure:3670: gcc -o conftest -g -O2 -Wall -W  -I/Users/ats/dev/swig-2.0.11/pcre/pcre-swig-install/include -DPCRE_STATIC  conftest.c  >&5
configure:3670: $? = 0
configure:3670: result: yes
configure:3670: checking for snprintf
configure:3670: gcc -o conftest -g -O2 -Wall -W  -I/Users/ats/dev/swig-2.0.11/pcre/pcre-swig-install/include -DPCRE_STATIC  conftest.c  >&5
conftest.c:53:6: warning: incompatible redeclaration of library function 'snprintf' [-Wincompatible-library-redeclaration]
char snprintf ();
     ^
conftest.c:53:6: note: 'snprintf' is a builtin with type 'int (char *, unsigned long, const char *, ...)'
1 warning generated.
configure:3670: $? = 0
configure:3670: result: yes
configure:3670: checking for vsnprintf
configure:3670: gcc -o conftest -g -O2 -Wall -W  -I/Users/ats/dev/swig-2.0.11/pcre/pcre-swig-install/include -DPCRE_STATIC  conftest.c  >&5
conftest.c:54:6: warning: incompatible redeclaration of library function 'vsnprintf' [-Wincompatible-library-redeclaration]
char vsnprintf ();
     ^
conftest.c:54:6: note: 'vsnprintf' is a builtin with type 'int (char *, unsigned long, const char *, __va_list_tag *)'
1 warning generated.
configure:3670: $? = 0
configure:3670: result: yes
configure:3670: checking for vasprintf
configure:3670: gcc -o conftest -g -O2 -Wall -W  -I/Users/ats/dev/swig-2.0.11/pcre/pcre-swig-install/include -DPCRE_STATIC  conftest.c  >&5
conftest.c:66:19: warning: format string missing [-Wformat]
return vasprintf ();
       ~~~~~~~~~  ^
1 warning generated.
configure:3670: $? = 0
configure:3670: result: yes
configure:3670: checking for asprintf
configure:3670: gcc -o conftest -g -O2 -Wall -W  -I/Users/ats/dev/swig-2.0.11/pcre/pcre-swig-install/include -DPCRE_STATIC  conftest.c  >&5
conftest.c:67:18: warning: format string missing [-Wformat]
return asprintf ();
       ~~~~~~~~  ^
1 warning generated.
configure:3670: $? = 0
configure:3670: result: yes
configure:3670: checking for mkstemp
configure:3670: gcc -o conftest -g -O2 -Wall -W  -I/Users/ats/dev/swig-2.0.11/pcre/pcre-swig-install/include -DPCRE_STATIC  conftest.c  >&5
configure:3670: $? = 0
configure:3670: result: yes
configure:3682: checking for gethostname
configure:3682: gcc -o conftest -g -O2 -Wall -W  -I/Users/ats/dev/swig-2.0.11/pcre/pcre-swig-install/include -DPCRE_STATIC  conftest.c  >&5
configure:3682: $? = 0
configure:3682: result: yes
configure:3682: checking for getpwuid
configure:3682: gcc -o conftest -g -O2 -Wall -W  -I/Users/ats/dev/swig-2.0.11/pcre/pcre-swig-install/include -DPCRE_STATIC  conftest.c  >&5
configure:3682: $? = 0
configure:3682: result: yes
configure:3693: checking for utimes
configure:3693: gcc -o conftest -g -O2 -Wall -W  -I/Users/ats/dev/swig-2.0.11/pcre/pcre-swig-install/include -DPCRE_STATIC  conftest.c  >&5
configure:3693: $? = 0
configure:3693: result: yes
configure:3703: checking for compar_fn_t in stdlib.h
configure:3722: gcc -c -g -O2 -Wall -W  -I/Users/ats/dev/swig-2.0.11/pcre/pcre-swig-install/include -DPCRE_STATIC conftest.c >&5
conftest.c:43:20: error: function definition is not allowed here
void test_fn(void) { qsort(NULL, 0, 0, (__compar_fn_t)NULL); }
                   ^
1 error generated.
configure:3722: $? = 1
configure: failed program was:
| /* confdefs.h */
| #define PACKAGE_NAME "ccache-swig"
| #define PACKAGE_TARNAME "ccache-swig"
| #define PACKAGE_VERSION "0.0"
| #define PACKAGE_STRING "ccache-swig 0.0"
| #define PACKAGE_BUGREPORT ""
| #define PACKAGE_URL ""
| #define _GNU_SOURCE 1
| #define HAVE_DIRENT_H 1
| #define TIME_WITH_SYS_TIME 1
| #define HAVE_SYS_WAIT_H 1
| #define STDC_HEADERS 1
| #define HAVE_SYS_TYPES_H 1
| #define HAVE_SYS_STAT_H 1
| #define HAVE_STDLIB_H 1
| #define HAVE_STRING_H 1
| #define HAVE_MEMORY_H 1
| #define HAVE_STRINGS_H 1
| #define HAVE_INTTYPES_H 1
| #define HAVE_STDINT_H 1
| #define HAVE_UNISTD_H 1
| #define HAVE_CTYPE_H 1
| #define HAVE_STRINGS_H 1
| #define HAVE_STDLIB_H 1
| #define HAVE_STRING_H 1
| #define HAVE_PWD_H 1
| #define HAVE_SYS_TIME_H 1
| #define HAVE_REALPATH 1
| #define HAVE_SNPRINTF 1
| #define HAVE_VSNPRINTF 1
| #define HAVE_VASPRINTF 1
| #define HAVE_ASPRINTF 1
| #define HAVE_MKSTEMP 1
| #define HAVE_GETHOSTNAME 1
| #define HAVE_GETPWUID 1
| #define HAVE_UTIMES 1
| /* end confdefs.h.  */
| #include <stdlib.h>
| int
| main ()
| {
| 
| void test_fn(void) { qsort(NULL, 0, 0, (__compar_fn_t)NULL); }
| 
|   ;
|   return 0;
| }
configure:3729: result: no
configure:3737: checking for C99 vsnprintf
configure:3768: gcc -o conftest -g -O2 -Wall -W  -I/Users/ats/dev/swig-2.0.11/pcre/pcre-swig-install/include -DPCRE_STATIC  conftest.c  >&5
conftest.c:47:14: warning: implicitly declaring library function 'vsnprintf' with type 'int (char *, unsigned long, const char *, __va_list_tag *)'
       len = vsnprintf(0, 0, format, ap);
             ^
conftest.c:47:14: note: please include the header <stdio.h> or explicitly provide a declaration for 'vsnprintf'
conftest.c:49:22: warning: implicitly declaring library function 'exit' with type 'void (int) __attribute__((noreturn))'
       if (len != 5) exit(1);
                     ^
conftest.c:49:22: note: please include the header <stdlib.h> or explicitly provide a declaration for 'exit'
conftest.c:51:12: warning: implicitly declaring library function 'snprintf' with type 'int (char *, unsigned long, const char *, ...)'
       if (snprintf(buf, 3, "hello") != 5 || strcmp(buf, "he") != 0) exit(1);
           ^
conftest.c:51:12: note: please include the header <stdio.h> or explicitly provide a declaration for 'snprintf'
conftest.c:51:46: warning: implicitly declaring library function 'strcmp' with type 'int (const char *, const char *)'
       if (snprintf(buf, 3, "hello") != 5 || strcmp(buf, "he") != 0) exit(1);
                                             ^
conftest.c:51:46: note: please include the header <string.h> or explicitly provide a declaration for 'strcmp'
conftest.c:55:1: warning: type specifier missing, defaults to 'int' [-Wimplicit-int]
main() { foo("hello"); }
^~~~
5 warnings generated.
configure:3768: $? = 0
configure:3768: ./conftest
configure:3768: $? = 0
configure:3778: result: yes
configure:3795: checking zlib.h usability
configure:3795: gcc -c -g -O2 -Wall -W  -I/Users/ats/dev/swig-2.0.11/pcre/pcre-swig-install/include -DPCRE_STATIC conftest.c >&5
configure:3795: $? = 0
configure:3795: result: yes
configure:3795: checking zlib.h presence
configure:3795: gcc -E  -I/Users/ats/dev/swig-2.0.11/pcre/pcre-swig-install/include -DPCRE_STATIC conftest.c
configure:3795: $? = 0
configure:3795: result: yes
configure:3795: checking for zlib.h
configure:3795: result: yes
configure:3797: checking for gzdopen in -lz
configure:3822: gcc -o conftest -g -O2 -Wall -W  -I/Users/ats/dev/swig-2.0.11/pcre/pcre-swig-install/include -DPCRE_STATIC  conftest.c -lz   >&5
configure:3822: $? = 0
configure:3831: result: yes
configure:3961: creating ./config.status

## ---------------------- ##
## Running config.status. ##
## ---------------------- ##

This file was extended by ccache-swig config.status 0.0, which was
generated by GNU Autoconf 2.68.  Invocation command line was

  CONFIG_FILES    = 
  CONFIG_HEADERS  = 
  CONFIG_LINKS    = 
  CONFIG_COMMANDS = 
  $ ./config.status 

on Atss-MacBook-Pro.local

config.status:834: creating Makefile
config.status:834: creating config.h

## ---------------- ##
## Cache variables. ##
## ---------------- ##

ac_cv_c_compiler_gnu=yes
ac_cv_env_CC_set=
ac_cv_env_CC_value=
ac_cv_env_CFLAGS_set=
ac_cv_env_CFLAGS_value=
ac_cv_env_CPPFLAGS_set=set
ac_cv_env_CPPFLAGS_value=' -I/Users/ats/dev/swig-2.0.11/pcre/pcre-swig-install/include -DPCRE_STATIC'
ac_cv_env_CPP_set=
ac_cv_env_CPP_value=
ac_cv_env_LDFLAGS_set=set
ac_cv_env_LDFLAGS_value=
ac_cv_env_LIBS_set=
ac_cv_env_LIBS_value=
ac_cv_env_build_alias_set=
ac_cv_env_build_alias_value=
ac_cv_env_host_alias_set=
ac_cv_env_host_alias_value=
ac_cv_env_target_alias_set=
ac_cv_env_target_alias_value=
ac_cv_func_asprintf=yes
ac_cv_func_gethostname=yes
ac_cv_func_getpwuid=yes
ac_cv_func_mkstemp=yes
ac_cv_func_realpath=yes
ac_cv_func_snprintf=yes
ac_cv_func_utimes=yes
ac_cv_func_vasprintf=yes
ac_cv_func_vsnprintf=yes
ac_cv_header_ctype_h=yes
ac_cv_header_dirent_dirent_h=yes
ac_cv_header_inttypes_h=yes
ac_cv_header_memory_h=yes
ac_cv_header_pwd_h=yes
ac_cv_header_stdc=yes
ac_cv_header_stdint_h=yes
ac_cv_header_stdlib_h=yes
ac_cv_header_string_h=yes
ac_cv_header_strings_h=yes
ac_cv_header_sys_stat_h=yes
ac_cv_header_sys_time_h=yes
ac_cv_header_sys_types_h=yes
ac_cv_header_sys_wait_h=yes
ac_cv_header_time=yes
ac_cv_header_unistd_h=yes
ac_cv_header_zlib_h=yes
ac_cv_lib_z_gzdopen=yes
ac_cv_objext=o
ac_cv_path_EGREP='/usr/bin/grep -E'
ac_cv_path_GREP=/usr/bin/grep
ac_cv_path_install='/usr/bin/install -c'
ac_cv_prog_CPP='gcc -E'
ac_cv_prog_ac_ct_CC=gcc
ac_cv_prog_cc_c89=
ac_cv_prog_cc_g=yes
ac_cv_search_opendir='none required'
ccache_cv_COMPAR_FN_T=no
ccache_cv_HAVE_C99_VSNPRINTF=yes

## ----------------- ##
## Output variables. ##
## ----------------- ##

CC='gcc'
CFLAGS='-g -O2 -Wall -W'
CPP='gcc -E'
CPPFLAGS=' -I/Users/ats/dev/swig-2.0.11/pcre/pcre-swig-install/include -DPCRE_STATIC'
DEFS='-DHAVE_CONFIG_H'
ECHO_C='\c'
ECHO_N=''
ECHO_T=''
EGREP='/usr/bin/grep -E'
EXEEXT=''
GREP='/usr/bin/grep'
INSTALL_DATA='${INSTALL} -m 644'
INSTALL_PROGRAM='${INSTALL}'
INSTALL_SCRIPT='${INSTALL}'
LDFLAGS=''
LIBOBJS=''
LIBS='-lz '
LTLIBOBJS=''
OBJEXT='o'
PACKAGE_BUGREPORT=''
PACKAGE_NAME='ccache-swig'
PACKAGE_STRING='ccache-swig 0.0'
PACKAGE_TARNAME='ccache-swig'
PACKAGE_URL=''
PACKAGE_VERSION='0.0'
PATH_SEPARATOR=':'
SHELL='/bin/sh'
ac_ct_CC='gcc'
bindir='${exec_prefix}/bin'
build_alias=''
datadir='${datarootdir}'
datarootdir='${prefix}/share'
docdir='${datarootdir}/doc/${PACKAGE_TARNAME}'
dvidir='${docdir}'
exec_prefix='${prefix}'
host_alias=''
htmldir='${docdir}'
includedir='${prefix}/include'
infodir='${datarootdir}/info'
libdir='${exec_prefix}/lib'
libexecdir='${exec_prefix}/libexec'
localedir='${datarootdir}/locale'
localstatedir='${prefix}/var'
mandir='${datarootdir}/man'
oldincludedir='/usr/include'
pdfdir='${docdir}'
prefix='/usr/local'
program_transform_name='s,x,x,'
psdir='${docdir}'
sbindir='${exec_prefix}/sbin'
sharedstatedir='${prefix}/com'
sysconfdir='${prefix}/etc'
target_alias=''

## ----------- ##
## confdefs.h. ##
## ----------- ##

/* confdefs.h */
#define PACKAGE_NAME "ccache-swig"
#define PACKAGE_TARNAME "ccache-swig"
#define PACKAGE_VERSION "0.0"
#define PACKAGE_STRING "ccache-swig 0.0"
#define PACKAGE_BUGREPORT ""
#define PACKAGE_URL ""
#define _GNU_SOURCE 1
#define HAVE_DIRENT_H 1
#define TIME_WITH_SYS_TIME 1
#define HAVE_SYS_WAIT_H 1
#define STDC_HEADERS 1
#define HAVE_SYS_TYPES_H 1
#define HAVE_SYS_STAT_H 1
#define HAVE_STDLIB_H 1
#define HAVE_STRING_H 1
#define HAVE_MEMORY_H 1
#define HAVE_STRINGS_H 1
#define HAVE_INTTYPES_H 1
#define HAVE_STDINT_H 1
#define HAVE_UNISTD_H 1
#define HAVE_CTYPE_H 1
#define HAVE_STRINGS_H 1
#define HAVE_STDLIB_H 1
#define HAVE_STRING_H 1
#define HAVE_PWD_H 1
#define HAVE_SYS_TIME_H 1
#define HAVE_REALPATH 1
#define HAVE_SNPRINTF 1
#define HAVE_VSNPRINTF 1
#define HAVE_VASPRINTF 1
#define HAVE_ASPRINTF 1
#define HAVE_MKSTEMP 1
#define HAVE_GETHOSTNAME 1
#define HAVE_GETPWUID 1
#define HAVE_UTIMES 1
#define HAVE_C99_VSNPRINTF 1
#define ENABLE_ZLIB 1

configure: exit 0
