This file contains any messages produced by compilers while
running configure, to aid debugging if configure makes a mistake.

It was created by PCRE configure 8.35, which was
generated by GNU Autoconf 2.69.  Invocation command line was

  $ ./configure --prefix=/Users/ats/dev/swig-2.0.11/pcre/pcre-swig-install --disable-shared clean

## --------- ##
## Platform. ##
## --------- ##

hostname = Atss-MacBook-Pro.local
uname -m = x86_64
uname -r = 13.3.0
uname -s = Darwin
uname -v = Darwin Kernel Version 13.3.0: Tue Jun  3 21:27:35 PDT 2014; root:xnu-2422.110.17~1/RELEASE_X86_64

/usr/bin/uname -p = i386
/bin/uname -X     = unknown

/bin/arch              = unknown
/usr/bin/arch -k       = unknown
/usr/convex/getsysinfo = unknown
/usr/bin/hostinfo      = Mach kernel version:
	 Darwin Kernel Version 13.3.0: Tue Jun  3 21:27:35 PDT 2014; root:xnu-2422.110.17~1/RELEASE_X86_64
Kernel configured for up to 8 processors.
4 processors are physically available.
8 processors are logically available.
Processor type: i486 (Intel 80486)
Processors active: 0 1 2 3 4 5 6 7
Primary memory available: 8.00 gigabytes
Default processor set: 178 tasks, 876 threads, 8 processors
Load average: 1.65, Mach factor: 6.34
/bin/machine           = unknown
/usr/bin/oslevel       = unknown
/bin/universe          = unknown

PATH: /opt/local/bin
PATH: /opt/local/sbin
PATH: /usr/bin
PATH: /bin
PATH: /usr/sbin
PATH: /sbin
PATH: /usr/local/bin
PATH: /opt/X11/bin
PATH: /Users/ats/dev/android-sdk/tools
PATH: /Users/ats/dev/android-sdk/platform-tools
PATH: /Users/ats/dev/android-ndk-r9b


## ----------- ##
## Core tests. ##
## ----------- ##

configure:2808: checking for a BSD-compatible install
configure:2876: result: /usr/bin/install -c
configure:2887: checking whether build environment is sane
configure:2942: result: yes
configure:3093: checking for a thread-safe mkdir -p
configure:3132: result: ./install-sh -c -d
configure:3139: checking for gawk
configure:3169: result: no
configure:3139: checking for mawk
configure:3169: result: no
configure:3139: checking for nawk
configure:3169: result: no
configure:3139: checking for awk
configure:3155: found /usr/bin/awk
configure:3166: result: awk
configure:3177: checking whether make sets $(MAKE)
configure:3199: result: yes
configure:3228: checking whether make supports nested variables
configure:3245: result: yes
configure:3381: checking whether make supports nested variables
configure:3398: result: yes
configure:3425: checking for style of include used by make
configure:3453: result: GNU
configure:3484: checking for clean-gcc
configure:3514: result: no
configure:3524: checking for gcc
configure:3540: found /usr/bin/gcc
configure:3551: result: gcc
configure:3780: checking for C compiler version
configure:3789: gcc --version >&5
Apple LLVM version 5.1 (clang-503.0.40) (based on LLVM 3.4svn)
Target: x86_64-apple-darwin13.3.0
Thread model: posix
Configured with: --prefix=/Applications/Xcode.app/Contents/Developer/usr --with-gxx-include-dir=/usr/include/c++/4.2.1
configure:3800: $? = 0
configure:3789: gcc -v >&5
Configured with: --prefix=/Applications/Xcode.app/Contents/Developer/usr --with-gxx-include-dir=/usr/include/c++/4.2.1
Apple LLVM version 5.1 (clang-503.0.40) (based on LLVM 3.4svn)
Target: x86_64-apple-darwin13.3.0
Thread model: posix
configure:3800: $? = 0
configure:3789: gcc -V >&5
clang: error: argument to '-V' is missing (expected 1 value)
clang: error: no input files
configure:3800: $? = 1
configure:3789: gcc -qversion >&5
clang: error: unknown argument: '-qversion' [-Wunused-command-line-argument-hard-error-in-future]
clang: note: this will be a hard error (cannot be downgraded to a warning) in the future
clang: error: no input files
configure:3800: $? = 1
configure:3820: checking whether the C compiler works
configure:3842: gcc    conftest.c  >&5
configure:3846: $? = 0
configure:3894: result: yes
configure:3897: checking for C compiler default output file name
configure:3899: result: a.out
configure:3905: checking for suffix of executables
configure:3912: gcc -o conftest    conftest.c  >&5
configure:3916: $? = 0
configure:3938: result: 
configure:3960: checking whether we are cross compiling
configure:3968: gcc -o conftest    conftest.c  >&5
configure:3972: $? = 0
configure:3979: ./conftest
configure:3983: $? = 0
configure:3998: result: no
configure:4003: checking for suffix of object files
configure:4025: gcc -c   conftest.c >&5
configure:4029: $? = 0
configure:4050: result: o
configure:4054: checking whether we are using the GNU C compiler
configure:4073: gcc -c   conftest.c >&5
configure:4073: $? = 0
configure:4082: result: yes
configure:4091: checking whether gcc accepts -g
configure:4111: gcc -c -g  conftest.c >&5
configure:4111: $? = 0
configure:4152: result: yes
configure:4169: checking for gcc option to accept ISO C89
configure:4232: gcc  -c -g -O2  conftest.c >&5
configure:4232: $? = 0
configure:4245: result: none needed
configure:4270: checking whether gcc understands -c and -o together
configure:4292: gcc -c conftest.c -o conftest2.o
configure:4295: $? = 0
configure:4292: gcc -c conftest.c -o conftest2.o
configure:4295: $? = 0
configure:4307: result: yes
configure:4326: checking dependency style of gcc
configure:4437: result: gcc3
configure:4458: checking for clean-ar
configure:4488: result: no
configure:4458: checking for clean-lib
configure:4488: result: no
configure:4458: checking for clean-link
configure:4488: result: no
configure:4502: checking for ar
configure:4518: found /usr/bin/ar
configure:4529: result: ar
configure:4555: checking the archiver (ar) interface
configure:4571: gcc -c -g -O2  conftest.c >&5
configure:4571: $? = 0
configure:4573: ar cru libconftest.a conftest.o >&5
configure:4576: $? = 0
configure:4604: result: ar
configure:4649: checking for clean-gcc
configure:4676: result: gcc
configure:4945: checking for C compiler version
configure:4954: gcc --version >&5
Apple LLVM version 5.1 (clang-503.0.40) (based on LLVM 3.4svn)
Target: x86_64-apple-darwin13.3.0
Thread model: posix
Configured with: --prefix=/Applications/Xcode.app/Contents/Developer/usr --with-gxx-include-dir=/usr/include/c++/4.2.1
configure:4965: $? = 0
configure:4954: gcc -v >&5
Configured with: --prefix=/Applications/Xcode.app/Contents/Developer/usr --with-gxx-include-dir=/usr/include/c++/4.2.1
Apple LLVM version 5.1 (clang-503.0.40) (based on LLVM 3.4svn)
Target: x86_64-apple-darwin13.3.0
Thread model: posix
configure:4965: $? = 0
configure:4954: gcc -V >&5
clang: error: argument to '-V' is missing (expected 1 value)
clang: error: no input files
configure:4965: $? = 1
configure:4954: gcc -qversion >&5
clang: error: unknown argument: '-qversion' [-Wunused-command-line-argument-hard-error-in-future]
clang: note: this will be a hard error (cannot be downgraded to a warning) in the future
clang: error: no input files
configure:4965: $? = 1
configure:4969: checking whether we are using the GNU C compiler
configure:4997: result: yes
configure:5006: checking whether gcc accepts -g
configure:5067: result: yes
configure:5084: checking for gcc option to accept ISO C89
configure:5160: result: none needed
configure:5185: checking whether gcc understands -c and -o together
configure:5222: result: yes
configure:5241: checking dependency style of gcc
configure:5352: result: gcc3
configure:5381: checking for clean-g++
configure:5411: result: no
configure:5381: checking for clean-c++
configure:5411: result: no
configure:5381: checking for clean-gpp
configure:5411: result: no
configure:5381: checking for clean-aCC
configure:5411: result: no
configure:5381: checking for clean-CC
configure:5411: result: no
configure:5381: checking for clean-cxx
configure:5411: result: no
configure:5381: checking for clean-cc++
configure:5411: result: no
configure:5381: checking for clean-cl.exe
configure:5411: result: no
configure:5381: checking for clean-FCC
configure:5411: result: no
configure:5381: checking for clean-KCC
configure:5411: result: no
configure:5381: checking for clean-RCC
configure:5411: result: no
configure:5381: checking for clean-xlC_r
configure:5411: result: no
configure:5381: checking for clean-xlC
configure:5411: result: no
configure:5425: checking for g++
configure:5441: found /usr/bin/g++
configure:5452: result: g++
configure:5479: checking for C++ compiler version
configure:5488: g++ --version >&5
Apple LLVM version 5.1 (clang-503.0.40) (based on LLVM 3.4svn)
Target: x86_64-apple-darwin13.3.0
Thread model: posix
Configured with: --prefix=/Applications/Xcode.app/Contents/Developer/usr --with-gxx-include-dir=/usr/include/c++/4.2.1
configure:5499: $? = 0
configure:5488: g++ -v >&5
Configured with: --prefix=/Applications/Xcode.app/Contents/Developer/usr --with-gxx-include-dir=/usr/include/c++/4.2.1
Apple LLVM version 5.1 (clang-503.0.40) (based on LLVM 3.4svn)
Target: x86_64-apple-darwin13.3.0
Thread model: posix
configure:5499: $? = 0
configure:5488: g++ -V >&5
clang: error: argument to '-V' is missing (expected 1 value)
clang: error: no input files
configure:5499: $? = 1
configure:5488: g++ -qversion >&5
clang: error: unknown argument: '-qversion' [-Wunused-command-line-argument-hard-error-in-future]
clang: note: this will be a hard error (cannot be downgraded to a warning) in the future
clang: error: no input files
configure:5499: $? = 1
configure:5503: checking whether we are using the GNU C++ compiler
configure:5522: g++ -c   conftest.cpp >&5
configure:5522: $? = 0
configure:5531: result: yes
configure:5540: checking whether g++ accepts -g
configure:5560: g++ -c -g  conftest.cpp >&5
configure:5560: $? = 0
configure:5601: result: yes
configure:5626: checking dependency style of g++
configure:5737: result: gcc3
configure:5796: g++ -c -O2  conftest.cpp >&5
configure:5796: $? = 0
configure:5815: checking how to run the C preprocessor
configure:5846: gcc -E  conftest.c
configure:5846: $? = 0
configure:5860: gcc -E  conftest.c
conftest.c:11:10: fatal error: 'ac_nonexistent.h' file not found
#include <ac_nonexistent.h>
         ^
1 error generated.
configure:5860: $? = 1
configure: failed program was:
| /* confdefs.h */
| #define PACKAGE_NAME "PCRE"
| #define PACKAGE_TARNAME "pcre"
| #define PACKAGE_VERSION "8.35"
| #define PACKAGE_STRING "PCRE 8.35"
| #define PACKAGE_BUGREPORT ""
| #define PACKAGE_URL ""
| #define PACKAGE "pcre"
| #define VERSION "8.35"
| /* end confdefs.h.  */
| #include <ac_nonexistent.h>
configure:5885: result: gcc -E
configure:5905: gcc -E  conftest.c
configure:5905: $? = 0
configure:5919: gcc -E  conftest.c
conftest.c:11:10: fatal error: 'ac_nonexistent.h' file not found
#include <ac_nonexistent.h>
         ^
1 error generated.
configure:5919: $? = 1
configure: failed program was:
| /* confdefs.h */
| #define PACKAGE_NAME "PCRE"
| #define PACKAGE_TARNAME "pcre"
| #define PACKAGE_VERSION "8.35"
| #define PACKAGE_STRING "PCRE 8.35"
| #define PACKAGE_BUGREPORT ""
| #define PACKAGE_URL ""
| #define PACKAGE "pcre"
| #define VERSION "8.35"
| /* end confdefs.h.  */
| #include <ac_nonexistent.h>
configure:5948: checking for grep that handles long lines and -e
configure:6006: result: /usr/bin/grep
configure:6011: checking for egrep
configure:6073: result: /usr/bin/grep -E
configure:6078: checking for ANSI C header files
configure:6098: gcc -c -g -O2  conftest.c >&5
configure:6098: $? = 0
configure:6171: gcc -o conftest -g -O2   conftest.c  >&5
configure:6171: $? = 0
configure:6171: ./conftest
configure:6171: $? = 0
configure:6182: result: yes
configure:6195: checking for sys/types.h
configure:6195: gcc -c -g -O2  conftest.c >&5
configure:6195: $? = 0
configure:6195: result: yes
configure:6195: checking for sys/stat.h
configure:6195: gcc -c -g -O2  conftest.c >&5
configure:6195: $? = 0
configure:6195: result: yes
configure:6195: checking for stdlib.h
configure:6195: gcc -c -g -O2  conftest.c >&5
configure:6195: $? = 0
configure:6195: result: yes
configure:6195: checking for string.h
configure:6195: gcc -c -g -O2  conftest.c >&5
configure:6195: $? = 0
configure:6195: result: yes
configure:6195: checking for memory.h
configure:6195: gcc -c -g -O2  conftest.c >&5
configure:6195: $? = 0
configure:6195: result: yes
configure:6195: checking for strings.h
configure:6195: gcc -c -g -O2  conftest.c >&5
configure:6195: $? = 0
configure:6195: result: yes
configure:6195: checking for inttypes.h
configure:6195: gcc -c -g -O2  conftest.c >&5
configure:6195: $? = 0
configure:6195: result: yes
configure:6195: checking for stdint.h
configure:6195: gcc -c -g -O2  conftest.c >&5
configure:6195: $? = 0
configure:6195: result: yes
configure:6195: checking for unistd.h
configure:6195: gcc -c -g -O2  conftest.c >&5
configure:6195: $? = 0
configure:6195: result: yes
configure:6207: checking for int64_t
configure:6207: gcc -c -g -O2  conftest.c >&5
configure:6207: $? = 0
configure:6207: gcc -c -g -O2  conftest.c >&5
conftest.c:58:24: error: 'test_array' declared as an array with a negative size
static int test_array [1 - 2 * !((int64_t) (((((int64_t) 1 << N) << N) - 1) * 2 + 1)
                       ^~~~~~~~~~~~~~~~~~~~~~~~~~~~~~~~~~~~~~~~~~~~~~~~~~~~~~~~~~~~~
1 error generated.
configure:6207: $? = 1
configure: failed program was:
| /* confdefs.h */
| #define PACKAGE_NAME "PCRE"
| #define PACKAGE_TARNAME "pcre"
| #define PACKAGE_VERSION "8.35"
| #define PACKAGE_STRING "PCRE 8.35"
| #define PACKAGE_BUGREPORT ""
| #define PACKAGE_URL ""
| #define PACKAGE "pcre"
| #define VERSION "8.35"
| #define STDC_HEADERS 1
| #define HAVE_SYS_TYPES_H 1
| #define HAVE_SYS_STAT_H 1
| #define HAVE_STDLIB_H 1
| #define HAVE_STRING_H 1
| #define HAVE_MEMORY_H 1
| #define HAVE_STRINGS_H 1
| #define HAVE_INTTYPES_H 1
| #define HAVE_STDINT_H 1
| #define HAVE_UNISTD_H 1
| /* end confdefs.h.  */
| #include <stdio.h>
| #ifdef HAVE_SYS_TYPES_H
| # include <sys/types.h>
| #endif
| #ifdef HAVE_SYS_STAT_H
| # include <sys/stat.h>
| #endif
| #ifdef STDC_HEADERS
| # include <stdlib.h>
| # include <stddef.h>
| #else
| # ifdef HAVE_STDLIB_H
| #  include <stdlib.h>
| # endif
| #endif
| #ifdef HAVE_STRING_H
| # if !defined STDC_HEADERS && defined HAVE_MEMORY_H
| #  include <memory.h>
| # endif
| # include <string.h>
| #endif
| #ifdef HAVE_STRINGS_H
| # include <strings.h>
| #endif
| #ifdef HAVE_INTTYPES_H
| # include <inttypes.h>
| #endif
| #ifdef HAVE_STDINT_H
| # include <stdint.h>
| #endif
| #ifdef HAVE_UNISTD_H
| # include <unistd.h>
| #endif
| 	        enum { N = 64 / 2 - 1 };
| int
| main ()
| {
| static int test_array [1 - 2 * !((int64_t) (((((int64_t) 1 << N) << N) - 1) * 2 + 1)
| 		 < (int64_t) (((((int64_t) 1 << N) << N) - 1) * 2 + 2))];
| test_array [0] = 0;
| return test_array [0];
| 
|   ;
|   return 0;
| }
configure:6207: result: yes
configure:6224: checking build system type
configure:6235: error: /bin/sh ./config.sub clean failed

## ---------------- ##
## Cache variables. ##
## ---------------- ##

ac_cv_build=
ac_cv_c_compiler_gnu=yes
ac_cv_c_int64_t=yes
ac_cv_cxx_compiler_gnu=yes
ac_cv_env_CCC_set=
ac_cv_env_CCC_value=
ac_cv_env_CC_set=
ac_cv_env_CC_value=
ac_cv_env_CFLAGS_set=
ac_cv_env_CFLAGS_value=
ac_cv_env_CPPFLAGS_set=
ac_cv_env_CPPFLAGS_value=
ac_cv_env_CPP_set=
ac_cv_env_CPP_value=
ac_cv_env_CXXCPP_set=
ac_cv_env_CXXCPP_value=
ac_cv_env_CXXFLAGS_set=
ac_cv_env_CXXFLAGS_value=
ac_cv_env_CXX_set=
ac_cv_env_CXX_value=
ac_cv_env_GENHTML_set=
ac_cv_env_GENHTML_value=
ac_cv_env_LCOV_set=
ac_cv_env_LCOV_value=
ac_cv_env_LDFLAGS_set=
ac_cv_env_LDFLAGS_value=
ac_cv_env_LIBS_set=
ac_cv_env_LIBS_value=
ac_cv_env_PKG_CONFIG_LIBDIR_set=
ac_cv_env_PKG_CONFIG_LIBDIR_value=
ac_cv_env_PKG_CONFIG_PATH_set=
ac_cv_env_PKG_CONFIG_PATH_value=
ac_cv_env_PKG_CONFIG_set=
ac_cv_env_PKG_CONFIG_value=
ac_cv_env_VALGRIND_CFLAGS_set=
ac_cv_env_VALGRIND_CFLAGS_value=
ac_cv_env_VALGRIND_LIBS_set=
ac_cv_env_VALGRIND_LIBS_value=
ac_cv_env_build_alias_set=set
ac_cv_env_build_alias_value=clean
ac_cv_env_host_alias_set=set
ac_cv_env_host_alias_value=clean
ac_cv_env_target_alias_set=set
ac_cv_env_target_alias_value=clean
ac_cv_header_inttypes_h=yes
ac_cv_header_memory_h=yes
ac_cv_header_stdc=yes
ac_cv_header_stdint_h=yes
ac_cv_header_stdlib_h=yes
ac_cv_header_string_h=yes
ac_cv_header_strings_h=yes
ac_cv_header_sys_stat_h=yes
ac_cv_header_sys_types_h=yes
ac_cv_header_unistd_h=yes
ac_cv_objext=o
ac_cv_path_EGREP='/usr/bin/grep -E'
ac_cv_path_GREP=/usr/bin/grep
ac_cv_path_install='/usr/bin/install -c'
ac_cv_prog_AWK=awk
ac_cv_prog_CC=gcc
ac_cv_prog_CPP='gcc -E'
ac_cv_prog_ac_ct_AR=ar
ac_cv_prog_ac_ct_CC=gcc
ac_cv_prog_ac_ct_CXX=g++
ac_cv_prog_cc_c89=
ac_cv_prog_cc_g=yes
ac_cv_prog_cxx_g=yes
ac_cv_prog_make_make_set=yes
am_cv_CC_dependencies_compiler_type=gcc3
am_cv_CXX_dependencies_compiler_type=gcc3
am_cv_ar_interface=ar
am_cv_make_support_nested_variables=yes
am_cv_prog_cc_c_o=yes

## ----------------- ##
## Output variables. ##
## ----------------- ##

ACLOCAL='${SHELL} /Users/ats/dev/swig-2.0.11/pcre/missing aclocal-1.14'
AMDEPBACKSLASH='\'
AMDEP_FALSE='#'
AMDEP_TRUE=''
AMTAR='$${TAR-tar}'
AM_BACKSLASH='\'
AM_DEFAULT_V='$(AM_DEFAULT_VERBOSITY)'
AM_DEFAULT_VERBOSITY='0'
AM_V='$(V)'
AR='ar'
AS=''
AUTOCONF='${SHELL} /Users/ats/dev/swig-2.0.11/pcre/missing autoconf'
AUTOHEADER='${SHELL} /Users/ats/dev/swig-2.0.11/pcre/missing autoheader'
AUTOMAKE='${SHELL} /Users/ats/dev/swig-2.0.11/pcre/missing automake-1.14'
AWK='awk'
CC='gcc'
CCDEPMODE='depmode=gcc3'
CFLAGS='-g -O2'
CPP='gcc -E'
CPPFLAGS=''
CXX='g++'
CXXCPP=''
CXXDEPMODE='depmode=gcc3'
CXXFLAGS='-O2'
CYGPATH_W='echo'
DEFS=''
DEPDIR='.deps'
DISTCHECK_CONFIGURE_FLAGS=''
DLLTOOL=''
DSYMUTIL=''
DUMPBIN=''
ECHO_C='\c'
ECHO_N=''
ECHO_T=''
EGREP='/usr/bin/grep -E'
EXEEXT=''
EXTRA_LIBPCRE16_LDFLAGS=''
EXTRA_LIBPCRE32_LDFLAGS=''
EXTRA_LIBPCRECPP_LDFLAGS=''
EXTRA_LIBPCREPOSIX_LDFLAGS=''
EXTRA_LIBPCRE_LDFLAGS=''
FGREP=''
GCOV_CFLAGS=''
GCOV_CXXFLAGS=''
GCOV_LIBS=''
GENHTML=''
GREP='/usr/bin/grep'
HAVE_VISIBILITY=''
INSTALL_DATA='${INSTALL} -m 644'
INSTALL_PROGRAM='${INSTALL}'
INSTALL_SCRIPT='${INSTALL}'
INSTALL_STRIP_PROGRAM='$(install_sh) -c -s'
LCOV=''
LD=''
LDFLAGS=''
LIBBZ2=''
LIBOBJS=''
LIBREADLINE=''
LIBS=''
LIBTOOL=''
LIBZ=''
LIPO=''
LN_S=''
LTLIBOBJS=''
MAKEINFO='${SHELL} /Users/ats/dev/swig-2.0.11/pcre/missing makeinfo'
MANIFEST_TOOL=''
MKDIR_P='./install-sh -c -d'
NM=''
NMEDIT=''
OBJDUMP=''
OBJEXT='o'
OTOOL64=''
OTOOL=''
PACKAGE='pcre'
PACKAGE_BUGREPORT=''
PACKAGE_NAME='PCRE'
PACKAGE_STRING='PCRE 8.35'
PACKAGE_TARNAME='pcre'
PACKAGE_URL=''
PACKAGE_VERSION='8.35'
PATH_SEPARATOR=':'
PCRE_DATE=''
PCRE_MAJOR=''
PCRE_MINOR=''
PCRE_PRERELEASE=''
PCRE_STATIC_CFLAG=''
PKG_CONFIG=''
PKG_CONFIG_LIBDIR=''
PKG_CONFIG_PATH=''
PTHREAD_CC=''
PTHREAD_CFLAGS=''
PTHREAD_LIBS=''
RANLIB=''
SED=''
SET_MAKE=''
SHELL='/bin/sh'
SHTOOL=''
STRIP=''
VALGRIND_CFLAGS=''
VALGRIND_LIBS=''
VERSION='8.35'
VISIBILITY_CFLAGS=''
VISIBILITY_CXXFLAGS=''
WITH_GCOV_FALSE=''
WITH_GCOV_TRUE=''
WITH_JIT_FALSE=''
WITH_JIT_TRUE=''
WITH_PCRE16_FALSE=''
WITH_PCRE16_TRUE=''
WITH_PCRE32_FALSE=''
WITH_PCRE32_TRUE=''
WITH_PCRE8_FALSE=''
WITH_PCRE8_TRUE=''
WITH_PCRE_CPP_FALSE=''
WITH_PCRE_CPP_TRUE=''
WITH_REBUILD_CHARTABLES_FALSE=''
WITH_REBUILD_CHARTABLES_TRUE=''
WITH_UTF_FALSE=''
WITH_UTF_TRUE=''
WITH_VALGRIND_FALSE=''
WITH_VALGRIND_TRUE=''
ac_ct_AR='ar'
ac_ct_CC='gcc'
ac_ct_CXX='g++'
ac_ct_DUMPBIN=''
am__EXEEXT_FALSE=''
am__EXEEXT_TRUE=''
am__fastdepCC_FALSE='#'
am__fastdepCC_TRUE=''
am__fastdepCXX_FALSE='#'
am__fastdepCXX_TRUE=''
am__include='include'
am__isrc=''
am__leading_dot='.'
am__nodep='_no'
am__quote=''
am__tar='$${TAR-tar} chof - "$$tardir"'
am__untar='$${TAR-tar} xf -'
ax_pthread_config=''
bindir='${exec_prefix}/bin'
build='clean'
build_alias='clean'
build_cpu=''
build_os=''
build_vendor=''
datadir='${datarootdir}'
datarootdir='${prefix}/share'
docdir='${datarootdir}/doc/${PACKAGE_TARNAME}'
dvidir='${docdir}'
enable_cpp=''
enable_pcre16=''
enable_pcre32=''
enable_pcre8=''
exec_prefix='NONE'
host='clean'
host_alias='clean'
host_cpu=''
host_os=''
host_vendor=''
htmldir='${docdir}'
includedir='${prefix}/include'
infodir='${datarootdir}/info'
install_sh='${SHELL} /Users/ats/dev/swig-2.0.11/pcre/install-sh'
libdir='${exec_prefix}/lib'
libexecdir='${exec_prefix}/libexec'
localedir='${datarootdir}/locale'
localstatedir='${prefix}/var'
mandir='${datarootdir}/man'
mkdir_p='$(MKDIR_P)'
oldincludedir='/usr/include'
pcre_have_bits_type_traits=''
pcre_have_long_long=''
pcre_have_type_traits=''
pcre_have_ulong_long=''
pdfdir='${docdir}'
prefix='/Users/ats/dev/swig-2.0.11/pcre/pcre-swig-install'
program_transform_name='s,x,x,'
psdir='${docdir}'
sbindir='${exec_prefix}/sbin'
sharedstatedir='${prefix}/com'
sysconfdir='${prefix}/etc'
target_alias='clean'

## ----------- ##
## confdefs.h. ##
## ----------- ##

/* confdefs.h */
#define PACKAGE_NAME "PCRE"
#define PACKAGE_TARNAME "pcre"
#define PACKAGE_VERSION "8.35"
#define PACKAGE_STRING "PCRE 8.35"
#define PACKAGE_BUGREPORT ""
#define PACKAGE_URL ""
#define PACKAGE "pcre"
#define VERSION "8.35"
#define STDC_HEADERS 1
#define HAVE_SYS_TYPES_H 1
#define HAVE_SYS_STAT_H 1
#define HAVE_STDLIB_H 1
#define HAVE_STRING_H 1
#define HAVE_MEMORY_H 1
#define HAVE_STRINGS_H 1
#define HAVE_INTTYPES_H 1
#define HAVE_STDINT_H 1
#define HAVE_UNISTD_H 1

configure: exit 1
